<?xml version="1.0" encoding="UTF-8" ?>
<testsuite tests="5" failures="0" name="com.qa.runners.TestRunner" time="161.98" errors="4" skipped="0">
  <properties>
[...]
</properties>
  <testcase classname="Search field test suit" name="Searching with a valid entry" time="40.279">
    <error message="Can&apos;t locate an element by this strategy: By.chained({By.id: org.wikipedia:id/view_page_title_text})" type="org.openqa.selenium.NoSuchElementException">org.openqa.selenium.NoSuchElementException: Can&apos;t locate an element by this strategy: By.chained({By.id: org.wikipedia:id/view_page_title_text})
	at io.appium.java_client.pagefactory.AppiumElementLocator.findElement(AppiumElementLocator.java:126)
	at io.appium.java_client.pagefactory.interceptors.InterceptorOfASingleElement.intercept(InterceptorOfASingleElement.java:59)
	at io.appium.java_client.android.AndroidElement$$EnhancerByCGLIB$$b598166c.getText(&lt;generated&gt;)
	at com.qa.stepDefs.SearchStepDef.user_reads_the_result_as_on_Content_Page(SearchStepDef.java:31)
	at ✽.user reads the result as &quot;Berlin&quot; on Content Page(file:///C:/Users/Naim/Desktop/IT/Projeler%20IntelliJ/wikiCucumber2/src/test/resources/features/searchORG.feature:12)
Caused by: org.openqa.selenium.TimeoutException: Expected condition failed: waiting for io.appium.java_client.pagefactory.AppiumElementLocator$WaitingFunction@76889e60 (tried for 1 second(s) with 500 milliseconds interval)
	at org.openqa.selenium.support.ui.FluentWait.timeoutException(FluentWait.java:304)
	at org.openqa.selenium.support.ui.FluentWait.until(FluentWait.java:272)
	at io.appium.java_client.pagefactory.AppiumElementLocator.waitFor(AppiumElementLocator.java:99)
	at io.appium.java_client.pagefactory.AppiumElementLocator.findElement(AppiumElementLocator.java:119)
	at io.appium.java_client.pagefactory.interceptors.InterceptorOfASingleElement.intercept(InterceptorOfASingleElement.java:59)
	at io.appium.java_client.android.AndroidElement$$EnhancerByCGLIB$$b598166c.getText(&lt;generated&gt;)
	at com.qa.stepDefs.SearchStepDef.user_reads_the_result_as_on_Content_Page(SearchStepDef.java:31)
	at java.base/jdk.internal.reflect.NativeMethodAccessorImpl.invoke0(Native Method)
	at java.base/jdk.internal.reflect.NativeMethodAccessorImpl.invoke(NativeMethodAccessorImpl.java:62)
	at java.base/jdk.internal.reflect.DelegatingMethodAccessorImpl.invoke(DelegatingMethodAccessorImpl.java:43)
	at java.base/java.lang.reflect.Method.invoke(Method.java:564)
	at io.cucumber.java.Invoker.invoke(Invoker.java:27)
	at io.cucumber.java.JavaStepDefinition.execute(JavaStepDefinition.java:27)
	at io.cucumber.core.runner.PickleStepDefinitionMatch.runStep(PickleStepDefinitionMatch.java:63)
	at io.cucumber.core.runner.TestStep.executeStep(TestStep.java:64)
	at io.cucumber.core.runner.TestStep.run(TestStep.java:49)
	at io.cucumber.core.runner.PickleStepTestStep.run(PickleStepTestStep.java:46)
	at io.cucumber.core.runner.TestCase.run(TestCase.java:51)
	at io.cucumber.core.runner.Runner.runPickle(Runner.java:67)
	at io.cucumber.junit.PickleRunners$NoStepDescriptions.run(PickleRunners.java:149)
	at io.cucumber.junit.FeatureRunner.runChild(FeatureRunner.java:83)
	at io.cucumber.junit.FeatureRunner.runChild(FeatureRunner.java:24)
	at org.junit.runners.ParentRunner$4.run(ParentRunner.java:331)
	at org.junit.runners.ParentRunner$1.schedule(ParentRunner.java:79)
	at org.junit.runners.ParentRunner.runChildren(ParentRunner.java:329)
	at org.junit.runners.ParentRunner.access$100(ParentRunner.java:66)
	at org.junit.runners.ParentRunner$2.evaluate(ParentRunner.java:293)
	at org.junit.runners.ParentRunner$3.evaluate(ParentRunner.java:306)
	at org.junit.runners.ParentRunner.run(ParentRunner.java:413)
	at io.cucumber.junit.Cucumber.runChild(Cucumber.java:185)
	at io.cucumber.junit.Cucumber.runChild(Cucumber.java:83)
	at org.junit.runners.ParentRunner$4.run(ParentRunner.java:331)
	at org.junit.runners.ParentRunner$1.schedule(ParentRunner.java:79)
	at org.junit.runners.ParentRunner.runChildren(ParentRunner.java:329)
	at org.junit.runners.ParentRunner.access$100(ParentRunner.java:66)
	at org.junit.runners.ParentRunner$2.evaluate(ParentRunner.java:293)
	at io.cucumber.junit.Cucumber$RunCucumber.evaluate(Cucumber.java:219)
	at org.junit.runners.ParentRunner$3.evaluate(ParentRunner.java:306)
	at org.junit.runners.ParentRunner.run(ParentRunner.java:413)
	at org.apache.maven.surefire.junit4.JUnit4Provider.execute(JUnit4Provider.java:252)
	at org.apache.maven.surefire.junit4.JUnit4Provider.executeTestSet(JUnit4Provider.java:141)
	at org.apache.maven.surefire.junit4.JUnit4Provider.invoke(JUnit4Provider.java:112)
	at java.base/jdk.internal.reflect.NativeMethodAccessorImpl.invoke0(Native Method)
	at java.base/jdk.internal.reflect.NativeMethodAccessorImpl.invoke(NativeMethodAccessorImpl.java:62)
	at java.base/jdk.internal.reflect.DelegatingMethodAccessorImpl.invoke(DelegatingMethodAccessorImpl.java:43)
	at java.base/java.lang.reflect.Method.invoke(Method.java:564)
	at org.apache.maven.surefire.util.ReflectionUtils.invokeMethodWithArray(ReflectionUtils.java:189)
	at org.apache.maven.surefire.booter.ProviderFactory$ProviderProxy.invoke(ProviderFactory.java:165)
	at org.apache.maven.surefire.booter.ProviderFactory.invokeProvider(ProviderFactory.java:85)
	at org.apache.maven.surefire.booter.ForkedBooter.runSuitesInProcess(ForkedBooter.java:115)
	at org.apache.maven.surefire.booter.ForkedBooter.main(ForkedBooter.java:75)
Caused by: org.openqa.selenium.NoSuchElementException: Cannot locate an element using By.chained({By.id: org.wikipedia:id/view_page_title_text})
For documentation on this error, please visit: https://www.seleniumhq.org/exceptions/no_such_element.html
Build info: version: &apos;3.141.59&apos;, revision: &apos;e82be7d358&apos;, time: &apos;2018-11-14T08:17:03&apos;
System info: host: &apos;DESKTOP-Q4B5RA0&apos;, ip: &apos;192.168.0.115&apos;, os.name: &apos;Windows 10&apos;, os.arch: &apos;amd64&apos;, os.version: &apos;10.0&apos;, java.version: &apos;14.0.2&apos;
Driver info: driver.version: AndroidDriver
	at io.appium.java_client.pagefactory.bys.builder.ByChained.findElement(ByChained.java:74)
	at org.openqa.selenium.remote.RemoteWebDriver.findElement(RemoteWebDriver.java:315)
	at io.appium.java_client.DefaultGenericMobileDriver.findElement(DefaultGenericMobileDriver.java:57)
	at io.appium.java_client.AppiumDriver.findElement(AppiumDriver.java:1)
	at io.appium.java_client.android.AndroidDriver.findElement(AndroidDriver.java:1)
	at io.appium.java_client.pagefactory.bys.ContentMappedBy.findElement(ContentMappedBy.java:50)
	at org.openqa.selenium.remote.RemoteWebDriver.findElement(RemoteWebDriver.java:315)
	at io.appium.java_client.DefaultGenericMobileDriver.findElement(DefaultGenericMobileDriver.java:57)
	at io.appium.java_client.AppiumDriver.findElement(AppiumDriver.java:1)
	at io.appium.java_client.android.AndroidDriver.findElement(AndroidDriver.java:1)
	at io.appium.java_client.pagefactory.AppiumElementLocator.lambda$0(AppiumElementLocator.java:120)
	at io.appium.java_client.pagefactory.AppiumElementLocator$WaitingFunction.apply(AppiumElementLocator.java:172)
	at io.appium.java_client.pagefactory.AppiumElementLocator$WaitingFunction.apply(AppiumElementLocator.java:1)
	at org.openqa.selenium.support.ui.FluentWait.until(FluentWait.java:249)
	... 49 more
</error>
    <system-out>
@search @smoke
Scenario Outline: Searching with a valid entry           # src/test/resources/features/searchORG.feature:15
[INFO ] 2021-10-12 11:05:27.435 com.qa.utils.ServerManager:19 -  *** starting appium server... 
&amp;#27;[35m[Appium]&amp;#27;[39m Welcome to Appium v1.22.0
&amp;#27;[35m[Appium]&amp;#27;[39m Non-default server args:
&amp;#27;[35m[Appium]&amp;#27;[39m   port: 26502
&amp;#27;[35m[Appium]&amp;#27;[39m   sessionOverride: true
&amp;#27;[35m[Appium]&amp;#27;[39m   logFile: C:\Users\Naim\Desktop\IT\Projeler IntelliJ\wikiCucumber2\Android_serkanEmulator\Server.log
&amp;#27;[35m[Appium]&amp;#27;[39m Appium REST http interface listener started on 0.0.0.0:26502
&amp;#27;[35m[HTTP]&amp;#27;[39m &amp;#27;[37m--&gt;&amp;#27;[39m &amp;#27;[37mGET&amp;#27;[39m &amp;#27;[37m/wd/hub/status&amp;#27;[39m
&amp;#27;[35m[HTTP]&amp;#27;[39m &amp;#27;[90m{}&amp;#27;[39m
[debug] &amp;#27;[35m[GENERIC]&amp;#27;[39m Calling AppiumDriver.getStatus() with args: []
[debug] &amp;#27;[35m[GENERIC]&amp;#27;[39m Responding to client with driver.getStatus() result: {&quot;build&quot;:{&quot;version&quot;:&quot;1.22.0&quot;}}
&amp;#27;[35m[HTTP]&amp;#27;[39m &amp;#27;[37m&lt;-- GET /wd/hub/status &amp;#27;[39m&amp;#27;[32m200&amp;#27;[39m &amp;#27;[90m14 ms - 68&amp;#27;[39m
&amp;#27;[35m[HTTP]&amp;#27;[39m &amp;#27;[90m&amp;#27;[39m
&amp;#27;[35m[HTTP]&amp;#27;[39m &amp;#27;[37m--&gt;&amp;#27;[39m &amp;#27;[37mGET&amp;#27;[39m &amp;#27;[37m/wd/hub/status&amp;#27;[39m
&amp;#27;[35m[HTTP]&amp;#27;[39m &amp;#27;[90m{}&amp;#27;[39m
[debug] &amp;#27;[35m[GENERIC]&amp;#27;[39m Calling AppiumDriver.getStatus() with args: []
[debug] &amp;#27;[35m[GENERIC]&amp;#27;[39m Responding to client with driver.getStatus() result: {&quot;build&quot;:{&quot;version&quot;:&quot;1.22.0&quot;}}
&amp;#27;[35m[HTTP]&amp;#27;[39m &amp;#27;[37m&lt;-- GET /wd/hub/status &amp;#27;[39m&amp;#27;[32m200&amp;#27;[39m &amp;#27;[90m5 ms - 68&amp;#27;[39m
&amp;#27;[35m[HTTP]&amp;#27;[39m &amp;#27;[90m&amp;#27;[39m
[INFO ] 2021-10-12 11:05:32.008 com.qa.utils.ServerManager:29 -  *** Appium server started! *** 
[INFO ] 2021-10-12 11:05:32.091 com.qa.utils.DriverManager:29 -  *** initializing Appium driver... 
[INFO ] 2021-10-12 11:05:32.150 com.qa.utils.CapabilitiesManager:18 - getting capabilities
[INFO ] 2021-10-12 11:05:32.156 com.qa.utils.CapabilitiesManager:34 - appUrl isC:\Users\Naim\Desktop\IT\Projeler IntelliJ\wikiCucumber2\src\test\resources\apps\org.wikipedia.apk
&amp;#27;[35m[HTTP]&amp;#27;[39m &amp;#27;[37m--&gt;&amp;#27;[39m &amp;#27;[37mPOST&amp;#27;[39m &amp;#27;[37m/wd/hub/session&amp;#27;[39m
&amp;#27;[35m[HTTP]&amp;#27;[39m &amp;#27;[90m{&quot;desiredCapabilities&quot;:{&quot;appActivity&quot;:&quot;org.wikipedia.main.MainActivity&quot;,&quot;appPackage&quot;:&quot;org.wikipedia&quot;,&quot;automationName&quot;:&quot;UiAutomator2&quot;,&quot;chromeDriverPort&quot;:&quot;11000&quot;,&quot;platformName&quot;:&quot;Android&quot;,&quot;udid&quot;:&quot;emulator-5554&quot;,&quot;deviceName&quot;:&quot;serkanEmulator&quot;,&quot;systemPort&quot;:&quot;10000&quot;},&quot;capabilities&quot;:{&quot;firstMatch&quot;:[{&quot;appium:appActivity&quot;:&quot;org.wikipedia.main.MainActivity&quot;,&quot;appium:appPackage&quot;:&quot;org.wikipedia&quot;,&quot;appium:automationName&quot;:&quot;UiAutomator2&quot;,&quot;chromeDriverPort&quot;:&quot;11000&quot;,&quot;appium:deviceName&quot;:&quot;serkanEmulator&quot;,&quot;platformName&quot;:&quot;android&quot;,&quot;appium:systemPort&quot;:&quot;10000&quot;,&quot;appium:udid&quot;:&quot;emulator-5554&quot;}]}}&amp;#27;[39m
[debug] &amp;#27;[35m[W3C]&amp;#27;[39m Calling AppiumDriver.createSession() with args: [{&quot;appActivity&quot;:&quot;org.wikipedia.main.MainActivity&quot;,&quot;appPackage&quot;:&quot;org.wikipedia&quot;,&quot;automationName&quot;:&quot;UiAutomator2&quot;,&quot;chromeDriverPort&quot;:&quot;11000&quot;,&quot;platformName&quot;:&quot;Android&quot;,&quot;udid&quot;:&quot;emulator-5554&quot;,&quot;deviceName&quot;:&quot;serkanEmulator&quot;,&quot;systemPort&quot;:&quot;10000&quot;},null,{&quot;firstMatch&quot;:[{&quot;appium:appActivity&quot;:&quot;org.wikipedia.main.MainActivity&quot;,&quot;appium:appPackage&quot;:&quot;org.wikipedia&quot;,&quot;appium:automationName&quot;:&quot;UiAutomator2&quot;,&quot;chromeDriverPort&quot;:&quot;11000&quot;,&quot;appium:deviceName&quot;:&quot;serkanEmulator&quot;,&quot;platformName&quot;:&quot;android&quot;,&quot;appium:systemPort&quot;:&quot;10000&quot;,&quot;appium:udid&quot;:&quot;emulator-5554&quot;}]}]
[debug] &amp;#27;[35m[BaseDriver]&amp;#27;[39m Event &apos;newSessionRequested&apos; logged at 1634029533102 (11:05:33 GMT+0200 (Central European Summer Time))
&amp;#27;[35m[BaseDriver]&amp;#27;[39m The following capabilities are not standard capabilities and should have an extension prefix:
&amp;#27;[35m[BaseDriver]&amp;#27;[39m   chromeDriverPort
&amp;#27;[35m[Appium]&amp;#27;[39m Appium v1.22.0 creating new AndroidUiautomator2Driver (v1.69.0) session
[debug] &amp;#27;[35m[Appium]&amp;#27;[39m There are no active sessions for cleanup
[debug] &amp;#27;[35m[BaseDriver]&amp;#27;[39m W3C capabilities and MJSONWP desired capabilities were provided
[debug] &amp;#27;[35m[BaseDriver]&amp;#27;[39m Creating session with W3C capabilities: {
[debug] &amp;#27;[35m[BaseDriver]&amp;#27;[39m   &quot;alwaysMatch&quot;: {
[debug] &amp;#27;[35m[BaseDriver]&amp;#27;[39m     &quot;appium:chromeDriverPort&quot;: &quot;11000&quot;,
[debug] &amp;#27;[35m[BaseDriver]&amp;#27;[39m     &quot;platformName&quot;: &quot;android&quot;,
[debug] &amp;#27;[35m[BaseDriver]&amp;#27;[39m     &quot;appium:appActivity&quot;: &quot;org.wikipedia.main.MainActivity&quot;,
[debug] &amp;#27;[35m[BaseDriver]&amp;#27;[39m     &quot;appium:appPackage&quot;: &quot;org.wikipedia&quot;,
[debug] &amp;#27;[35m[BaseDriver]&amp;#27;[39m     &quot;appium:automationName&quot;: &quot;UiAutomator2&quot;,
[debug] &amp;#27;[35m[BaseDriver]&amp;#27;[39m     &quot;appium:deviceName&quot;: &quot;serkanEmulator&quot;,
[debug] &amp;#27;[35m[BaseDriver]&amp;#27;[39m     &quot;appium:systemPort&quot;: &quot;10000&quot;,
[debug] &amp;#27;[35m[BaseDriver]&amp;#27;[39m     &quot;appium:udid&quot;: &quot;emulator-5554&quot;
[debug] &amp;#27;[35m[BaseDriver]&amp;#27;[39m   },
[debug] &amp;#27;[35m[BaseDriver]&amp;#27;[39m   &quot;firstMatch&quot;: [
[debug] &amp;#27;[35m[BaseDriver]&amp;#27;[39m     {}
[debug] &amp;#27;[35m[BaseDriver]&amp;#27;[39m   ]
[debug] &amp;#27;[35m[BaseDriver]&amp;#27;[39m }
&amp;#27;[35m[BaseDriver]&amp;#27;[39m Number capability passed in as string. Functionality may be compromised.
&amp;#27;[35m[BaseDriver]&amp;#27;[39m Number capability passed in as string. Functionality may be compromised.
&amp;#27;[35m[BaseDriver]&amp;#27;[39m Capability &apos;systemPort&apos; changed from string (&apos;10000&apos;) to integer (10000). This may cause unexpected behavior
&amp;#27;[35m[BaseDriver]&amp;#27;[39m Capability &apos;chromeDriverPort&apos; changed from string (&apos;11000&apos;) to integer (11000). This may cause unexpected behavior
&amp;#27;[35m[BaseDriver]&amp;#27;[39m Session created with session id: cf547498-d02a-452f-b153-d61e6bc999ea
&amp;#27;[35m[UiAutomator2]&amp;#27;[39m Starting &apos;org.wikipedia&apos; directly on the device
&amp;#27;[35m[ADB]&amp;#27;[39m Found 2 &apos;build-tools&apos; folders under &apos;C:\Users\Naim\AppData\Local\Android\Sdk&apos; (newest first):
&amp;#27;[35m[ADB]&amp;#27;[39m     C:/Users/Naim/AppData/Local/Android/Sdk/build-tools/31.0.0
&amp;#27;[35m[ADB]&amp;#27;[39m     C:/Users/Naim/AppData/Local/Android/Sdk/build-tools/30.0.2
&amp;#27;[35m[ADB]&amp;#27;[39m Using &apos;adb.exe&apos; from &apos;C:\Users\Naim\AppData\Local\Android\Sdk\platform-tools\adb.exe&apos;
[debug] &amp;#27;[35m[ADB]&amp;#27;[39m Running &apos;C:\Users\Naim\AppData\Local\Android\Sdk\platform-tools\adb.exe -P 5037 start-server&apos;
&amp;#27;[35m[AndroidDriver]&amp;#27;[39m Retrieving device list
[debug] &amp;#27;[35m[ADB]&amp;#27;[39m Trying to find a connected android device
[debug] &amp;#27;[35m[ADB]&amp;#27;[39m Getting connected devices
[debug] &amp;#27;[35m[ADB]&amp;#27;[39m Connected devices: [{&quot;udid&quot;:&quot;emulator-5554&quot;,&quot;state&quot;:&quot;device&quot;}]
&amp;#27;[35m[AndroidDriver]&amp;#27;[39m Using device: emulator-5554
&amp;#27;[35m[ADB]&amp;#27;[39m Using &apos;adb.exe&apos; from &apos;C:\Users\Naim\AppData\Local\Android\Sdk\platform-tools\adb.exe&apos;
[debug] &amp;#27;[35m[ADB]&amp;#27;[39m Running &apos;C:\Users\Naim\AppData\Local\Android\Sdk\platform-tools\adb.exe -P 5037 start-server&apos;
[debug] &amp;#27;[35m[ADB]&amp;#27;[39m Setting device id to emulator-5554
[debug] &amp;#27;[35m[ADB]&amp;#27;[39m Running &apos;C:\Users\Naim\AppData\Local\Android\Sdk\platform-tools\adb.exe -P 5037 -s emulator-5554 shell getprop ro.build.version.sdk&apos;
[debug] &amp;#27;[35m[ADB]&amp;#27;[39m Current device property &apos;ro.build.version.sdk&apos;: 30
&amp;#27;[35m[ADB]&amp;#27;[39m Getting device platform version
[debug] &amp;#27;[35m[ADB]&amp;#27;[39m Running &apos;C:\Users\Naim\AppData\Local\Android\Sdk\platform-tools\adb.exe -P 5037 -s emulator-5554 shell getprop ro.build.version.release&apos;
[debug] &amp;#27;[35m[ADB]&amp;#27;[39m Current device property &apos;ro.build.version.release&apos;: 11
[debug] &amp;#27;[35m[ADB]&amp;#27;[39m Device API level: 30
&amp;#27;[35m[UiAutomator2]&amp;#27;[39m Relaxing hidden api policy
[debug] &amp;#27;[35m[ADB]&amp;#27;[39m Running &apos;C:\Users\Naim\AppData\Local\Android\Sdk\platform-tools\adb.exe -P 5037 -s emulator-5554 shell &apos;settings put global hidden_api_policy_pre_p_apps 1;settings put global hidden_api_policy_p_apps 1;settings put global hidden_api_policy 1&apos;&apos;
&amp;#27;[35m[AndroidDriver]&amp;#27;[39m No app sent in, not parsing package/activity
[debug] &amp;#27;[35m[ADB]&amp;#27;[39m Running &apos;C:\Users\Naim\AppData\Local\Android\Sdk\platform-tools\adb.exe -P 5037 -s emulator-5554 wait-for-device&apos;
[debug] &amp;#27;[35m[ADB]&amp;#27;[39m Running &apos;C:\Users\Naim\AppData\Local\Android\Sdk\platform-tools\adb.exe -P 5037 -s emulator-5554 shell echo ping&apos;
[debug] &amp;#27;[35m[AndroidDriver]&amp;#27;[39m Pushing settings apk to device...
[debug] &amp;#27;[35m[ADB]&amp;#27;[39m Getting install status for io.appium.settings
[debug] &amp;#27;[35m[ADB]&amp;#27;[39m Running &apos;C:\Users\Naim\AppData\Local\Android\Sdk\platform-tools\adb.exe -P 5037 -s emulator-5554 shell dumpsys package io.appium.settings&apos;
[debug] &amp;#27;[35m[ADB]&amp;#27;[39m &apos;io.appium.settings&apos; is installed
[debug] &amp;#27;[35m[ADB]&amp;#27;[39m Getting package info for &apos;io.appium.settings&apos;
[debug] &amp;#27;[35m[ADB]&amp;#27;[39m Running &apos;C:\Users\Naim\AppData\Local\Android\Sdk\platform-tools\adb.exe -P 5037 -s emulator-5554 shell dumpsys package io.appium.settings&apos;
[debug] &amp;#27;[35m[ADB]&amp;#27;[39m The version name of the installed &apos;io.appium.settings&apos; is greater or equal to the application version name (&apos;3.4.0&apos; &gt;= &apos;3.4.0&apos;)
[debug] &amp;#27;[35m[ADB]&amp;#27;[39m There is no need to install/upgrade &apos;C:\Users\Naim\AppData\Roaming\npm\node_modules\appium\node_modules\io.appium.settings\apks\settings_apk-debug.apk&apos;
[debug] &amp;#27;[35m[ADB]&amp;#27;[39m Getting IDs of all &apos;io.appium.settings&apos; processes
[debug] &amp;#27;[35m[ADB]&amp;#27;[39m Running &apos;C:\Users\Naim\AppData\Local\Android\Sdk\platform-tools\adb.exe -P 5037 -s emulator-5554 shell &apos;pgrep --help; echo $?&apos;&apos;
[debug] &amp;#27;[35m[ADB]&amp;#27;[39m Running &apos;C:\Users\Naim\AppData\Local\Android\Sdk\platform-tools\adb.exe -P 5037 -s emulator-5554 shell pgrep -f \(\[\[:blank:\]\]\|\^\)io\.appium\.settings\(\[\[:blank:\]\]\|\$\)&apos;
[debug] &amp;#27;[35m[AndroidDriver]&amp;#27;[39m io.appium.settings is already running. There is no need to reset its permissions.
[debug] &amp;#27;[35m[Logcat]&amp;#27;[39m Starting logs capture with command: C:\\Users\\Naim\\AppData\\Local\\Android\\Sdk\\platform-tools\\adb.exe -P 5037 -s emulator-5554 logcat -v threadtime
[debug] &amp;#27;[35m[UiAutomator2]&amp;#27;[39m Forwarding UiAutomator2 Server port 6790 to local port 10000
[debug] &amp;#27;[35m[ADB]&amp;#27;[39m Forwarding system: 10000 to device: 6790
[debug] &amp;#27;[35m[ADB]&amp;#27;[39m Running &apos;C:\Users\Naim\AppData\Local\Android\Sdk\platform-tools\adb.exe -P 5037 -s emulator-5554 forward tcp:10000 tcp:6790&apos;
[debug] &amp;#27;[35m[ADB]&amp;#27;[39m Getting install status for io.appium.uiautomator2.server
[debug] &amp;#27;[35m[ADB]&amp;#27;[39m Running &apos;C:\Users\Naim\AppData\Local\Android\Sdk\platform-tools\adb.exe -P 5037 -s emulator-5554 shell dumpsys package io.appium.uiautomator2.server&apos;
[debug] &amp;#27;[35m[ADB]&amp;#27;[39m &apos;io.appium.uiautomator2.server&apos; is installed
[debug] &amp;#27;[35m[ADB]&amp;#27;[39m Getting package info for &apos;io.appium.uiautomator2.server&apos;
[debug] &amp;#27;[35m[ADB]&amp;#27;[39m Running &apos;C:\Users\Naim\AppData\Local\Android\Sdk\platform-tools\adb.exe -P 5037 -s emulator-5554 shell dumpsys package io.appium.uiautomator2.server&apos;
[debug] &amp;#27;[35m[ADB]&amp;#27;[39m The version name of the installed &apos;io.appium.uiautomator2.server&apos; is greater or equal to the application version name (&apos;4.24.0&apos; &gt;= &apos;4.24.0&apos;)
[debug] &amp;#27;[35m[UiAutomator2]&amp;#27;[39m io.appium.uiautomator2.server installation state: sameVersionInstalled
[debug] &amp;#27;[35m[ADB]&amp;#27;[39m Checking app cert for C:\Users\Naim\AppData\Roaming\npm\node_modules\appium\node_modules\appium-uiautomator2-server\apks\appium-uiautomator2-server-v4.24.0.apk
&amp;#27;[35m[ADB]&amp;#27;[39m Using &apos;apksigner.jar&apos; from &apos;C:\Users\Naim\AppData\Local\Android\Sdk\build-tools\31.0.0\lib\apksigner.jar&apos;
[debug] &amp;#27;[35m[ADB]&amp;#27;[39m Starting apksigner: &apos;C:\\Program Files\\Java\\jdk1.8.0_301\\bin\\java.exe&apos; -Xmx1024M -Xss1m -jar C:\\Users\\Naim\\AppData\\Local\\Android\\Sdk\\build-tools\\31.0.0\\lib\\apksigner.jar verify --print-certs C:\\Users\\Naim\\AppData\\Roaming\\npm\\node_modules\\appium\\node_modules\\appium-uiautomator2-server\\apks\\appium-uiautomator2-server-v4.24.0.apk
[debug] &amp;#27;[35m[ADB]&amp;#27;[39m apksigner stdout: Signer #1 certificate DN: EMAILADDRESS=android@android.com, CN=Android, OU=Android, O=Android, L=Mountain View, ST=California, C=US
[debug] &amp;#27;[35m[ADB]&amp;#27;[39m Signer #1 certificate SHA-256 digest: a40da80a59d170caa950cf15c18c454d47a39b26989d8b640ecd745ba71bf5dc
[debug] &amp;#27;[35m[ADB]&amp;#27;[39m Signer #1 certificate SHA-1 digest: 61ed377e85d386a8dfee6b864bd85b0bfaa5af81
[debug] &amp;#27;[35m[ADB]&amp;#27;[39m Signer #1 certificate MD5 digest: e89b158e4bcf988ebd09eb83f5378e87
[debug] &amp;#27;[35m[ADB]&amp;#27;[39m 
[debug] &amp;#27;[35m[ADB]&amp;#27;[39m sha256 hash did match for &apos;appium-uiautomator2-server-v4.24.0.apk&apos;
&amp;#27;[35m[ADB]&amp;#27;[39m &apos;C:\Users\Naim\AppData\Roaming\npm\node_modules\appium\node_modules\appium-uiautomator2-server\apks\appium-uiautomator2-server-v4.24.0.apk&apos; is signed with the default certificate
[debug] &amp;#27;[35m[ADB]&amp;#27;[39m Getting install status for io.appium.uiautomator2.server.test
[debug] &amp;#27;[35m[ADB]&amp;#27;[39m Running &apos;C:\Users\Naim\AppData\Local\Android\Sdk\platform-tools\adb.exe -P 5037 -s emulator-5554 shell dumpsys package io.appium.uiautomator2.server.test&apos;
[debug] &amp;#27;[35m[ADB]&amp;#27;[39m &apos;io.appium.uiautomator2.server.test&apos; is installed
[debug] &amp;#27;[35m[ADB]&amp;#27;[39m Checking app cert for C:\Users\Naim\AppData\Roaming\npm\node_modules\appium\node_modules\appium-uiautomator2-server\apks\appium-uiautomator2-server-debug-androidTest.apk
[debug] &amp;#27;[35m[ADB]&amp;#27;[39m Starting apksigner: &apos;C:\\Program Files\\Java\\jdk1.8.0_301\\bin\\java.exe&apos; -Xmx1024M -Xss1m -jar C:\\Users\\Naim\\AppData\\Local\\Android\\Sdk\\build-tools\\31.0.0\\lib\\apksigner.jar verify --print-certs C:\\Users\\Naim\\AppData\\Roaming\\npm\\node_modules\\appium\\node_modules\\appium-uiautomator2-server\\apks\\appium-uiautomator2-server-debug-androidTest.apk
[debug] &amp;#27;[35m[ADB]&amp;#27;[39m apksigner stdout: Signer #1 certificate DN: EMAILADDRESS=android@android.com, CN=Android, OU=Android, O=Android, L=Mountain View, ST=California, C=US
[debug] &amp;#27;[35m[ADB]&amp;#27;[39m Signer #1 certificate SHA-256 digest: a40da80a59d170caa950cf15c18c454d47a39b26989d8b640ecd745ba71bf5dc
[debug] &amp;#27;[35m[ADB]&amp;#27;[39m Signer #1 certificate SHA-1 digest: 61ed377e85d386a8dfee6b864bd85b0bfaa5af81
[debug] &amp;#27;[35m[ADB]&amp;#27;[39m Signer #1 certificate MD5 digest: e89b158e4bcf988ebd09eb83f5378e87
[debug] &amp;#27;[35m[ADB]&amp;#27;[39m 
[debug] &amp;#27;[35m[ADB]&amp;#27;[39m sha256 hash did match for &apos;appium-uiautomator2-server-debug-androidTest.apk&apos;
&amp;#27;[35m[ADB]&amp;#27;[39m &apos;C:\Users\Naim\AppData\Roaming\npm\node_modules\appium\node_modules\appium-uiautomator2-server\apks\appium-uiautomator2-server-debug-androidTest.apk&apos; is signed with the default certificate
&amp;#27;[35m[UiAutomator2]&amp;#27;[39m Server packages are not going to be (re)installed
[debug] &amp;#27;[35m[UiAutomator2]&amp;#27;[39m Waiting up to 30000ms for services to be available
[debug] &amp;#27;[35m[ADB]&amp;#27;[39m Running &apos;C:\Users\Naim\AppData\Local\Android\Sdk\platform-tools\adb.exe -P 5037 -s emulator-5554 shell pm list instrumentation&apos;
[debug] &amp;#27;[35m[UiAutomator2]&amp;#27;[39m Instrumentation target &apos;io.appium.uiautomator2.server.test/androidx.test.runner.AndroidJUnitRunner&apos; is available
&amp;#27;[35m[ADB]&amp;#27;[39m Adding packages [&quot;io.appium.settings&quot;,&quot;io.appium.uiautomator2.server&quot;,&quot;io.appium.uiautomator2.server.test&quot;] to Doze whitelist
[debug] &amp;#27;[35m[ADB]&amp;#27;[39m Got the following command chunks to execute: [[&quot;dumpsys&quot;,&quot;deviceidle&quot;,&quot;whitelist&quot;,&quot;+io.appium.settings&quot;,&quot;;&quot;,&quot;dumpsys&quot;,&quot;deviceidle&quot;,&quot;whitelist&quot;,&quot;+io.appium.uiautomator2.server&quot;,&quot;;&quot;,&quot;dumpsys&quot;,&quot;deviceidle&quot;,&quot;whitelist&quot;,&quot;+io.appium.uiautomator2.server.test&quot;,&quot;;&quot;]]
[debug] &amp;#27;[35m[ADB]&amp;#27;[39m Running &apos;C:\Users\Naim\AppData\Local\Android\Sdk\platform-tools\adb.exe -P 5037 -s emulator-5554 shell dumpsys deviceidle whitelist +io.appium.settings ; dumpsys deviceidle whitelist +io.appium.uiautomator2.server ; dumpsys deviceidle whitelist +io.appium.uiautomator2.server.test ;&apos;
[debug] &amp;#27;[35m[UiAutomator2]&amp;#27;[39m No app capability. Assuming it is already on the device
[debug] &amp;#27;[35m[ADB]&amp;#27;[39m Getting install status for org.wikipedia
[debug] &amp;#27;[35m[ADB]&amp;#27;[39m Running &apos;C:\Users\Naim\AppData\Local\Android\Sdk\platform-tools\adb.exe -P 5037 -s emulator-5554 shell dumpsys package org.wikipedia&apos;
[debug] &amp;#27;[35m[ADB]&amp;#27;[39m &apos;org.wikipedia&apos; is installed
[debug] &amp;#27;[35m[ADB]&amp;#27;[39m Running &apos;C:\Users\Naim\AppData\Local\Android\Sdk\platform-tools\adb.exe -P 5037 -s emulator-5554 shell am force-stop org.wikipedia&apos;
[debug] &amp;#27;[35m[ADB]&amp;#27;[39m Running &apos;C:\Users\Naim\AppData\Local\Android\Sdk\platform-tools\adb.exe -P 5037 -s emulator-5554 shell pm clear org.wikipedia&apos;
[debug] &amp;#27;[35m[AndroidDriver]&amp;#27;[39m Performed fast reset on the installed &apos;org.wikipedia&apos; application (stop and clear)
[debug] &amp;#27;[35m[UiAutomator2]&amp;#27;[39m Performing shallow cleanup of automation leftovers
[debug] &amp;#27;[35m[UiAutomator2]&amp;#27;[39m No obsolete sessions have been detected (socket hang up)
[debug] &amp;#27;[35m[ADB]&amp;#27;[39m Running &apos;C:\Users\Naim\AppData\Local\Android\Sdk\platform-tools\adb.exe -P 5037 -s emulator-5554 shell am force-stop io.appium.uiautomator2.server.test&apos;
&amp;#27;[35m[UiAutomator2]&amp;#27;[39m Starting UIAutomator2 server 4.24.0
&amp;#27;[35m[UiAutomator2]&amp;#27;[39m Using UIAutomator2 server from &apos;C:\Users\Naim\AppData\Roaming\npm\node_modules\appium\node_modules\appium-uiautomator2-server\apks\appium-uiautomator2-server-v4.24.0.apk&apos; and test from &apos;C:\Users\Naim\AppData\Roaming\npm\node_modules\appium\node_modules\appium-uiautomator2-server\apks\appium-uiautomator2-server-debug-androidTest.apk&apos;
&amp;#27;[35m[UiAutomator2]&amp;#27;[39m Waiting up to 30000ms for UiAutomator2 to be online...
[debug] &amp;#27;[35m[ADB]&amp;#27;[39m Creating ADB subprocess with args: [&quot;-P&quot;,5037,&quot;-s&quot;,&quot;emulator-5554&quot;,&quot;shell&quot;,&quot;am&quot;,&quot;instrument&quot;,&quot;-w&quot;,&quot;-e&quot;,&quot;disableAnalytics&quot;,true,&quot;io.appium.uiautomator2.server.test/androidx.test.runner.AndroidJUnitRunner&quot;]
[debug] &amp;#27;[35m[WD Proxy]&amp;#27;[39m Matched &apos;/status&apos; to command name &apos;getStatus&apos;
[debug] &amp;#27;[35m[WD Proxy]&amp;#27;[39m Proxying [GET /status] to [GET http://127.0.0.1:10000/wd/hub/status] with no body
&amp;#27;[35m[WD Proxy]&amp;#27;[39m socket hang up
[debug] &amp;#27;[35m[WD Proxy]&amp;#27;[39m Matched &apos;/status&apos; to command name &apos;getStatus&apos;
[debug] &amp;#27;[35m[WD Proxy]&amp;#27;[39m Proxying [GET /status] to [GET http://127.0.0.1:10000/wd/hub/status] with no body
&amp;#27;[35m[WD Proxy]&amp;#27;[39m socket hang up
[debug] &amp;#27;[35m[Instrumentation]&amp;#27;[39m io.appium.uiautomator2.server.test.AppiumUiAutomator2Server:
[debug] &amp;#27;[35m[WD Proxy]&amp;#27;[39m Matched &apos;/status&apos; to command name &apos;getStatus&apos;
[debug] &amp;#27;[35m[WD Proxy]&amp;#27;[39m Proxying [GET /status] to [GET http://127.0.0.1:10000/wd/hub/status] with no body
&amp;#27;[35m[WD Proxy]&amp;#27;[39m socket hang up
[debug] &amp;#27;[35m[WD Proxy]&amp;#27;[39m Matched &apos;/status&apos; to command name &apos;getStatus&apos;
[debug] &amp;#27;[35m[WD Proxy]&amp;#27;[39m Proxying [GET /status] to [GET http://127.0.0.1:10000/wd/hub/status] with no body
&amp;#27;[35m[WD Proxy]&amp;#27;[39m socket hang up
[debug] &amp;#27;[35m[WD Proxy]&amp;#27;[39m Matched &apos;/status&apos; to command name &apos;getStatus&apos;
[debug] &amp;#27;[35m[WD Proxy]&amp;#27;[39m Proxying [GET /status] to [GET http://127.0.0.1:10000/wd/hub/status] with no body
[debug] &amp;#27;[35m[WD Proxy]&amp;#27;[39m Got response with status 200: {&quot;sessionId&quot;:&quot;None&quot;,&quot;value&quot;:{&quot;message&quot;:&quot;UiAutomator2 Server is ready to accept commands&quot;,&quot;ready&quot;:true}}
[debug] &amp;#27;[35m[UiAutomator2]&amp;#27;[39m The initialization of the instrumentation process took 4382ms
[debug] &amp;#27;[35m[WD Proxy]&amp;#27;[39m Matched &apos;/session&apos; to command name &apos;createSession&apos;
[debug] &amp;#27;[35m[WD Proxy]&amp;#27;[39m Proxying [POST /session] to [POST http://127.0.0.1:10000/wd/hub/session] with body: {&quot;capabilities&quot;:{&quot;firstMatch&quot;:[{&quot;platform&quot;:&quot;LINUX&quot;,&quot;webStorageEnabled&quot;:false,&quot;takesScreenshot&quot;:true,&quot;javascriptEnabled&quot;:true,&quot;databaseEnabled&quot;:false,&quot;networkConnectionEnabled&quot;:true,&quot;locationContextEnabled&quot;:false,&quot;warnings&quot;:{},&quot;desired&quot;:{&quot;platformName&quot;:&quot;android&quot;,&quot;chromeDriverPort&quot;:11000,&quot;appActivity&quot;:&quot;org.wikipedia.main.MainActivity&quot;,&quot;appPackage&quot;:&quot;org.wikipedia&quot;,&quot;automationName&quot;:&quot;UiAutomator2&quot;,&quot;deviceName&quot;:&quot;serkanEmulator&quot;,&quot;systemPort&quot;:10000,&quot;udid&quot;:&quot;emulator-5554&quot;},&quot;platformName&quot;:&quot;android&quot;,&quot;chromeDriverPort&quot;:11000,&quot;appActivity&quot;:&quot;org.wikipedia.main.MainActivity&quot;,&quot;appPackage&quot;:&quot;org.wikipedia&quot;,&quot;automationName&quot;:&quot;UiAutomator2&quot;,&quot;deviceName&quot;:&quot;emulator-5554&quot;,&quot;systemPort&quot;:10000,&quot;udid&quot;:&quot;emulator-5554&quot;,&quot;deviceUDID&quot;:&quot;emulator-5554&quot;}],&quot;alwaysMatch&quot;:{}}}
[debug] &amp;#27;[35m[WD Proxy]&amp;#27;[39m Got response with status 200: {&quot;sessionId&quot;:&quot;e4d6a6f4-9c27-4160-9aea-5c846781b0dc&quot;,&quot;value&quot;:{&quot;capabilities&quot;:{&quot;firstMatch&quot;:[{&quot;platform&quot;:&quot;LINUX&quot;,&quot;webStorageEnabled&quot;:false,&quot;takesScreenshot&quot;:true,&quot;javascriptEnabled&quot;:true,&quot;databaseEnabled&quot;:false,&quot;networkConnectionEnabled&quot;:true,&quot;locationContextEnabled&quot;:false,&quot;warnings&quot;:{},&quot;desired&quot;:{&quot;platformName&quot;:&quot;android&quot;,&quot;chromeDriverPort&quot;:11000,&quot;appActivity&quot;:&quot;org.wikipedia.main.MainActivity&quot;,&quot;appPackage&quot;:&quot;org.wikipedia&quot;,&quot;automationName&quot;:&quot;UiAutomator2&quot;,&quot;deviceName&quot;:&quot;serkanEmulator&quot;,&quot;systemPort&quot;:10000,&quot;udid&quot;:&quot;emulator-5554&quot;},&quot;platformName&quot;:&quot;android&quot;,&quot;chromeDriverPort&quot;:11000,&quot;appActivity&quot;:&quot;org.wikipedia.main.MainActivity&quot;,&quot;appPackage&quot;:&quot;org.wikipedia&quot;,&quot;automationName&quot;:&quot;UiAutomator2&quot;,&quot;deviceName&quot;:&quot;emulator-5554&quot;,&quot;systemPort&quot;:10000,&quot;udid&quot;:&quot;emulator-5554&quot;,&quot;deviceUDID&quot;:&quot;emulator-5554&quot;}],&quot;alwaysMatch&quot;:{}},&quot;sessionId&quot;:&quot;e4d6a6f4-9c27-4160-9aea-5c846781b0dc&quot;}}
&amp;#27;[35m[WD Proxy]&amp;#27;[39m Determined the downstream protocol as &apos;W3C&apos;
[debug] &amp;#27;[35m[WD Proxy]&amp;#27;[39m Proxying [GET /appium/device/info] to [GET http://127.0.0.1:10000/wd/hub/session/e4d6a6f4-9c27-4160-9aea-5c846781b0dc/appium/device/info] with no body
[debug] &amp;#27;[35m[WD Proxy]&amp;#27;[39m Got response with status 200: {&quot;sessionId&quot;:&quot;e4d6a6f4-9c27-4160-9aea-5c846781b0dc&quot;,&quot;value&quot;:{&quot;androidId&quot;:&quot;7a934f0ed9183478&quot;,&quot;apiVersion&quot;:&quot;30&quot;,&quot;bluetooth&quot;:{&quot;state&quot;:&quot;ON&quot;},&quot;brand&quot;:&quot;google&quot;,&quot;carrierName&quot;:&quot;Android&quot;,&quot;displayDensity&quot;:440,&quot;locale&quot;:&quot;en_US&quot;,&quot;manufacturer&quot;:&quot;Google&quot;,&quot;model&quot;:&quot;sdk_gphone_x86&quot;,&quot;networks&quot;:[{&quot;capabilities&quot;:{&quot;SSID&quot;:null,&quot;linkDownBandwidthKbps&quot;:30000,&quot;linkUpstreamBandwidthKbps&quot;:15000,&quot;networkCapabilities&quot;:&quot;NET_CAPABILITY_MMS,NET_CAPABILITY_SUPL,NET_CAPABILITY_DUN,NET_CAPABILITY_FOTA,NET_CAPABILITY_IMS,NET_CAPABILITY_CBS,NET_CAPABILITY_INTERNET,NET_CAPABILITY_NOT_RESTRICTED,NET_CAPABILITY_TRUSTED,NET_CAPABILITY_NOT_VPN,NET_CAPABILITY_VALIDATED,NET_CAPABILITY_NOT_ROAMING,NET_CAPABILITY_FOREGROUND,NET_CAPABILITY_NOT_CONGESTED,NET_CAPABILITY_NOT_SUSPENDED&quot;,&quot;signalStrength&quot;:-2147483648,&quot;transportTypes&quot;:&quot;TRANSPORT_CELLULAR&quot;},&quot;detailedState&quot;:&quot;CONNECTED&quot;,&quot;extraInfo&quot;:&quot;epc.tmobile.com&quot;,&quot;isAvailable&quot;:true,&quot;isConnected&quot;:true,&quot;isFailover&quot;:false,&quot;isRoaming&quot;:false,&quot;state&quot;:&quot;CONNECTED&quot;,&quot;subtype&quot;:13,&quot;subtypeName&quot;:&quot;LTE&quot;,&quot;type&quot;:0,&quot;typeName&quot;:&quot;...
[debug] &amp;#27;[35m[ADB]&amp;#27;[39m Running &apos;C:\Users\Naim\AppData\Local\Android\Sdk\platform-tools\adb.exe -P 5037 -s emulator-5554 shell dumpsys window&apos;
&amp;#27;[35m[AndroidDriver]&amp;#27;[39m Screen already unlocked, doing nothing
&amp;#27;[35m[UiAutomator2]&amp;#27;[39m Starting &apos;org.wikipedia/org.wikipedia.main.MainActivity and waiting for &apos;org.wikipedia/org.wikipedia.main.MainActivity&apos;
[debug] &amp;#27;[35m[ADB]&amp;#27;[39m Running &apos;C:\Users\Naim\AppData\Local\Android\Sdk\platform-tools\adb.exe -P 5037 -s emulator-5554 shell am start -W -n org.wikipedia/org.wikipedia.main.MainActivity -S -a android.intent.action.MAIN -c android.intent.category.LAUNCHER -f 0x10200000&apos;
[debug] &amp;#27;[35m[WD Proxy]&amp;#27;[39m Proxying [GET /appium/device/pixel_ratio] to [GET http://127.0.0.1:10000/wd/hub/session/e4d6a6f4-9c27-4160-9aea-5c846781b0dc/appium/device/pixel_ratio] with no body
[debug] &amp;#27;[35m[WD Proxy]&amp;#27;[39m Got response with status 200: {&quot;sessionId&quot;:&quot;e4d6a6f4-9c27-4160-9aea-5c846781b0dc&quot;,&quot;value&quot;:2.75}
[debug] &amp;#27;[35m[WD Proxy]&amp;#27;[39m Matched &apos;/appium/device/system_bars&apos; to command name &apos;getSystemBars&apos;
[debug] &amp;#27;[35m[WD Proxy]&amp;#27;[39m Proxying [GET /appium/device/system_bars] to [GET http://127.0.0.1:10000/wd/hub/session/e4d6a6f4-9c27-4160-9aea-5c846781b0dc/appium/device/system_bars] with no body
[debug] &amp;#27;[35m[WD Proxy]&amp;#27;[39m Got response with status 200: {&quot;sessionId&quot;:&quot;e4d6a6f4-9c27-4160-9aea-5c846781b0dc&quot;,&quot;value&quot;:{&quot;statusBar&quot;:66}}
[debug] &amp;#27;[35m[WD Proxy]&amp;#27;[39m Matched &apos;/window/current/size&apos; to command name &apos;getWindowSize&apos;
[debug] &amp;#27;[35m[WD Proxy]&amp;#27;[39m Proxying [GET /window/current/size] to [GET http://127.0.0.1:10000/wd/hub/session/e4d6a6f4-9c27-4160-9aea-5c846781b0dc/window/current/size] with no body
[debug] &amp;#27;[35m[WD Proxy]&amp;#27;[39m Got response with status 200: {&quot;sessionId&quot;:&quot;e4d6a6f4-9c27-4160-9aea-5c846781b0dc&quot;,&quot;value&quot;:{&quot;height&quot;:2028,&quot;width&quot;:1080}}
&amp;#27;[35m[Appium]&amp;#27;[39m New AndroidUiautomator2Driver session created successfully, session cf547498-d02a-452f-b153-d61e6bc999ea added to master session list
[debug] &amp;#27;[35m[BaseDriver]&amp;#27;[39m Event &apos;newSessionStarted&apos; logged at 1634029549919 (11:05:49 GMT+0200 (Central European Summer Time))
[debug] &amp;#27;[35m[W3C (cf547498)]&amp;#27;[39m Cached the protocol value &apos;W3C&apos; for the new session cf547498-d02a-452f-b153-d61e6bc999ea
[debug] &amp;#27;[35m[W3C (cf547498)]&amp;#27;[39m Responding to client with driver.createSession() result: {&quot;capabilities&quot;:{&quot;platform&quot;:&quot;LINUX&quot;,&quot;webStorageEnabled&quot;:false,&quot;takesScreenshot&quot;:true,&quot;javascriptEnabled&quot;:true,&quot;databaseEnabled&quot;:false,&quot;networkConnectionEnabled&quot;:true,&quot;locationContextEnabled&quot;:false,&quot;warnings&quot;:{},&quot;desired&quot;:{&quot;platformName&quot;:&quot;android&quot;,&quot;chromeDriverPort&quot;:11000,&quot;appActivity&quot;:&quot;org.wikipedia.main.MainActivity&quot;,&quot;appPackage&quot;:&quot;org.wikipedia&quot;,&quot;automationName&quot;:&quot;UiAutomator2&quot;,&quot;deviceName&quot;:&quot;serkanEmulator&quot;,&quot;systemPort&quot;:10000,&quot;udid&quot;:&quot;emulator-5554&quot;},&quot;platformName&quot;:&quot;android&quot;,&quot;chromeDriverPort&quot;:11000,&quot;appActivity&quot;:&quot;org.wikipedia.main.MainActivity&quot;,&quot;appPackage&quot;:&quot;org.wikipedia&quot;,&quot;automationName&quot;:&quot;UiAutomator2&quot;,&quot;deviceName&quot;:&quot;emulator-5554&quot;,&quot;systemPort&quot;:10000,&quot;udid&quot;:&quot;emulator-5554&quot;,&quot;deviceUDID&quot;:&quot;emulator-5554&quot;,&quot;deviceApiLevel&quot;:30,&quot;platformVersion&quot;:&quot;11&quot;,&quot;deviceScreenSize&quot;:&quot;1080x2160&quot;,&quot;deviceScreenDensity&quot;:440,&quot;deviceModel&quot;:&quot;sdk_gphone_x86&quot;,&quot;deviceManufacturer&quot;:&quot;Google&quot;,&quot;pixelRatio&quot;:2.75,&quot;statBarHeight&quot;:66,&quot;viewportRect&quot;:{&quot;left&quot;:0,&quot;top&quot;:66,&quot;width&quot;:1080,&quot;height&quot;:1962}}}
&amp;#27;[35m[HTTP]&amp;#27;[39m &amp;#27;[37m&lt;-- POST /wd/hub/session &amp;#27;[39m&amp;#27;[32m200&amp;#27;[39m &amp;#27;[90m16823 ms - 1035&amp;#27;[39m
&amp;#27;[35m[HTTP]&amp;#27;[39m &amp;#27;[90m&amp;#27;[39m
[INFO ] 2021-10-12 11:05:50.147 com.qa.utils.DriverManager:41 -  *** Driver is initialized
&amp;#27;[35m[HTTP]&amp;#27;[39m &amp;#27;[37m--&gt;&amp;#27;[39m &amp;#27;[37mGET&amp;#27;[39m &amp;#27;[37m/wd/hub/session/cf547498-d02a-452f-b153-d61e6bc999ea/context&amp;#27;[39m
&amp;#27;[35m[HTTP]&amp;#27;[39m &amp;#27;[90m{}&amp;#27;[39m
[debug] &amp;#27;[35m[W3C (cf547498)]&amp;#27;[39m Calling AppiumDriver.getCurrentContext() with args: [&quot;cf547498-d02a-452f-b153-d61e6bc999ea&quot;]
[debug] &amp;#27;[35m[W3C (cf547498)]&amp;#27;[39m Responding to client with driver.getCurrentContext() result: &quot;NATIVE_APP&quot;
&amp;#27;[35m[HTTP]&amp;#27;[39m &amp;#27;[37m&lt;-- GET /wd/hub/session/cf547498-d02a-452f-b153-d61e6bc999ea/context &amp;#27;[39m&amp;#27;[32m200&amp;#27;[39m &amp;#27;[90m21 ms - 22&amp;#27;[39m
&amp;#27;[35m[HTTP]&amp;#27;[39m &amp;#27;[90m&amp;#27;[39m
&amp;#27;[35m[HTTP]&amp;#27;[39m &amp;#27;[37m--&gt;&amp;#27;[39m &amp;#27;[37mPOST&amp;#27;[39m &amp;#27;[37m/wd/hub/session/cf547498-d02a-452f-b153-d61e6bc999ea/element&amp;#27;[39m
&amp;#27;[35m[HTTP]&amp;#27;[39m &amp;#27;[90m{&quot;using&quot;:&quot;xpath&quot;,&quot;value&quot;:&quot;//android.widget.TextView[@text=&apos;Search Wikipedia&apos;]&quot;}&amp;#27;[39m
[debug] &amp;#27;[35m[W3C (cf547498)]&amp;#27;[39m Calling AppiumDriver.findElement() with args: [&quot;xpath&quot;,&quot;//android.widget.TextView[@text=&apos;Search Wikipedia&apos;]&quot;,&quot;cf547498-d02a-452f-b153-d61e6bc999ea&quot;]
[debug] &amp;#27;[35m[BaseDriver]&amp;#27;[39m Valid locator strategies for this request: xpath, id, class name, accessibility id, css selector, -android uiautomator
[debug] &amp;#27;[35m[BaseDriver]&amp;#27;[39m Waiting up to 0 ms for condition
[debug] &amp;#27;[35m[WD Proxy]&amp;#27;[39m Matched &apos;/element&apos; to command name &apos;findElement&apos;
[debug] &amp;#27;[35m[WD Proxy]&amp;#27;[39m Proxying [POST /element] to [POST http://127.0.0.1:10000/wd/hub/session/e4d6a6f4-9c27-4160-9aea-5c846781b0dc/element] with body: {&quot;strategy&quot;:&quot;xpath&quot;,&quot;selector&quot;:&quot;//android.widget.TextView[@text=&apos;Search Wikipedia&apos;]&quot;,&quot;context&quot;:&quot;&quot;,&quot;multiple&quot;:false}
[debug] &amp;#27;[35m[WD Proxy]&amp;#27;[39m Got response with status 200: {&quot;sessionId&quot;:&quot;e4d6a6f4-9c27-4160-9aea-5c846781b0dc&quot;,&quot;value&quot;:{&quot;ELEMENT&quot;:&quot;00000000-0000-004e-ffff-ffff00000037&quot;,&quot;element-6066-11e4-a52e-4f735466cecf&quot;:&quot;00000000-0000-004e-ffff-ffff00000037&quot;}}
[debug] &amp;#27;[35m[W3C (cf547498)]&amp;#27;[39m Responding to client with driver.findElement() result: {&quot;element-6066-11e4-a52e-4f735466cecf&quot;:&quot;00000000-0000-004e-ffff-ffff00000037&quot;,&quot;ELEMENT&quot;:&quot;00000000-0000-004e-ffff-ffff00000037&quot;}
&amp;#27;[35m[HTTP]&amp;#27;[39m &amp;#27;[37m&lt;-- POST /wd/hub/session/cf547498-d02a-452f-b153-d61e6bc999ea/element &amp;#27;[39m&amp;#27;[32m200&amp;#27;[39m &amp;#27;[90m1594 ms - 137&amp;#27;[39m
&amp;#27;[35m[HTTP]&amp;#27;[39m &amp;#27;[90m&amp;#27;[39m
&amp;#27;[35m[HTTP]&amp;#27;[39m &amp;#27;[37m--&gt;&amp;#27;[39m &amp;#27;[37mPOST&amp;#27;[39m &amp;#27;[37m/wd/hub/session/cf547498-d02a-452f-b153-d61e6bc999ea/element/00000000-0000-004e-ffff-ffff00000037/click&amp;#27;[39m
&amp;#27;[35m[HTTP]&amp;#27;[39m &amp;#27;[90m{&quot;id&quot;:&quot;00000000-0000-004e-ffff-ffff00000037&quot;}&amp;#27;[39m
[debug] &amp;#27;[35m[W3C (cf547498)]&amp;#27;[39m Calling AppiumDriver.click() with args: [&quot;00000000-0000-004e-ffff-ffff00000037&quot;,&quot;cf547498-d02a-452f-b153-d61e6bc999ea&quot;]
[debug] &amp;#27;[35m[WD Proxy]&amp;#27;[39m Matched &apos;/element/00000000-0000-004e-ffff-ffff00000037/click&apos; to command name &apos;click&apos;
[debug] &amp;#27;[35m[WD Proxy]&amp;#27;[39m Proxying [POST /element/00000000-0000-004e-ffff-ffff00000037/click] to [POST http://127.0.0.1:10000/wd/hub/session/e4d6a6f4-9c27-4160-9aea-5c846781b0dc/element/00000000-0000-004e-ffff-ffff00000037/click] with body: {&quot;element&quot;:&quot;00000000-0000-004e-ffff-ffff00000037&quot;}
[debug] &amp;#27;[35m[WD Proxy]&amp;#27;[39m Got response with status 200: {&quot;sessionId&quot;:&quot;e4d6a6f4-9c27-4160-9aea-5c846781b0dc&quot;,&quot;value&quot;:null}
[debug] &amp;#27;[35m[W3C (cf547498)]&amp;#27;[39m Responding to client with driver.click() result: null
&amp;#27;[35m[HTTP]&amp;#27;[39m &amp;#27;[37m&lt;-- POST /wd/hub/session/cf547498-d02a-452f-b153-d61e6bc999ea/element/00000000-0000-004e-ffff-ffff00000037/click &amp;#27;[39m&amp;#27;[32m200&amp;#27;[39m &amp;#27;[90m425 ms - 14&amp;#27;[39m
&amp;#27;[35m[HTTP]&amp;#27;[39m &amp;#27;[90m&amp;#27;[39m
  When user taps on search field                         # com.qa.stepDefs.SearchStepDef.user_taps_on_search_field()
&amp;#27;[35m[HTTP]&amp;#27;[39m &amp;#27;[37m--&gt;&amp;#27;[39m &amp;#27;[37mGET&amp;#27;[39m &amp;#27;[37m/wd/hub/session/cf547498-d02a-452f-b153-d61e6bc999ea/context&amp;#27;[39m
&amp;#27;[35m[HTTP]&amp;#27;[39m &amp;#27;[90m{}&amp;#27;[39m
[debug] &amp;#27;[35m[W3C (cf547498)]&amp;#27;[39m Calling AppiumDriver.getCurrentContext() with args: [&quot;cf547498-d02a-452f-b153-d61e6bc999ea&quot;]
[debug] &amp;#27;[35m[W3C (cf547498)]&amp;#27;[39m Responding to client with driver.getCurrentContext() result: &quot;NATIVE_APP&quot;
&amp;#27;[35m[HTTP]&amp;#27;[39m &amp;#27;[37m&lt;-- GET /wd/hub/session/cf547498-d02a-452f-b153-d61e6bc999ea/context &amp;#27;[39m&amp;#27;[32m200&amp;#27;[39m &amp;#27;[90m12 ms - 22&amp;#27;[39m
&amp;#27;[35m[HTTP]&amp;#27;[39m &amp;#27;[90m&amp;#27;[39m
&amp;#27;[35m[HTTP]&amp;#27;[39m &amp;#27;[37m--&gt;&amp;#27;[39m &amp;#27;[37mPOST&amp;#27;[39m &amp;#27;[37m/wd/hub/session/cf547498-d02a-452f-b153-d61e6bc999ea/element&amp;#27;[39m
&amp;#27;[35m[HTTP]&amp;#27;[39m &amp;#27;[90m{&quot;using&quot;:&quot;id&quot;,&quot;value&quot;:&quot;org.wikipedia:id/search_src_text&quot;}&amp;#27;[39m
[debug] &amp;#27;[35m[W3C (cf547498)]&amp;#27;[39m Calling AppiumDriver.findElement() with args: [&quot;id&quot;,&quot;org.wikipedia:id/search_src_text&quot;,&quot;cf547498-d02a-452f-b153-d61e6bc999ea&quot;]
[debug] &amp;#27;[35m[BaseDriver]&amp;#27;[39m Valid locator strategies for this request: xpath, id, class name, accessibility id, css selector, -android uiautomator
[debug] &amp;#27;[35m[BaseDriver]&amp;#27;[39m Waiting up to 0 ms for condition
[debug] &amp;#27;[35m[WD Proxy]&amp;#27;[39m Matched &apos;/element&apos; to command name &apos;findElement&apos;
[debug] &amp;#27;[35m[WD Proxy]&amp;#27;[39m Proxying [POST /element] to [POST http://127.0.0.1:10000/wd/hub/session/e4d6a6f4-9c27-4160-9aea-5c846781b0dc/element] with body: {&quot;strategy&quot;:&quot;id&quot;,&quot;selector&quot;:&quot;org.wikipedia:id/search_src_text&quot;,&quot;context&quot;:&quot;&quot;,&quot;multiple&quot;:false}
[debug] &amp;#27;[35m[WD Proxy]&amp;#27;[39m Got response with status 200: {&quot;sessionId&quot;:&quot;e4d6a6f4-9c27-4160-9aea-5c846781b0dc&quot;,&quot;value&quot;:{&quot;ELEMENT&quot;:&quot;00000000-0000-004e-ffff-ffff000000a5&quot;,&quot;element-6066-11e4-a52e-4f735466cecf&quot;:&quot;00000000-0000-004e-ffff-ffff000000a5&quot;}}
[debug] &amp;#27;[35m[W3C (cf547498)]&amp;#27;[39m Responding to client with driver.findElement() result: {&quot;element-6066-11e4-a52e-4f735466cecf&quot;:&quot;00000000-0000-004e-ffff-ffff000000a5&quot;,&quot;ELEMENT&quot;:&quot;00000000-0000-004e-ffff-ffff000000a5&quot;}
&amp;#27;[35m[HTTP]&amp;#27;[39m &amp;#27;[37m&lt;-- POST /wd/hub/session/cf547498-d02a-452f-b153-d61e6bc999ea/element &amp;#27;[39m&amp;#27;[32m200&amp;#27;[39m &amp;#27;[90m755 ms - 137&amp;#27;[39m
&amp;#27;[35m[HTTP]&amp;#27;[39m &amp;#27;[90m&amp;#27;[39m
&amp;#27;[35m[HTTP]&amp;#27;[39m &amp;#27;[37m--&gt;&amp;#27;[39m &amp;#27;[37mPOST&amp;#27;[39m &amp;#27;[37m/wd/hub/session/cf547498-d02a-452f-b153-d61e6bc999ea/element/00000000-0000-004e-ffff-ffff000000a5/value&amp;#27;[39m
&amp;#27;[35m[HTTP]&amp;#27;[39m &amp;#27;[90m{&quot;id&quot;:&quot;00000000-0000-004e-ffff-ffff000000a5&quot;,&quot;text&quot;:&quot;Berlin&quot;,&quot;value&quot;:[&quot;B&quot;,&quot;e&quot;,&quot;r&quot;,&quot;l&quot;,&quot;i&quot;,&quot;n&quot;]}&amp;#27;[39m
[debug] &amp;#27;[35m[W3C (cf547498)]&amp;#27;[39m Calling AppiumDriver.setValue() with args: [[&quot;B&quot;,&quot;e&quot;,&quot;r&quot;,&quot;l&quot;,&quot;i&quot;,&quot;n&quot;],&quot;00000000-0000-004e-ffff-ffff000000a5&quot;,&quot;cf547498-d02a-452f-b153-d61e6bc999ea&quot;]
[debug] &amp;#27;[35m[WD Proxy]&amp;#27;[39m Matched &apos;/element/00000000-0000-004e-ffff-ffff000000a5/value&apos; to command name &apos;setValue&apos;
[debug] &amp;#27;[35m[Protocol Converter]&amp;#27;[39m Added &apos;value&apos; property [&quot;B&quot;,&quot;e&quot;,&quot;r&quot;,&quot;l&quot;,&quot;i&quot;,&quot;n&quot;] to &apos;setValue&apos; request body
[debug] &amp;#27;[35m[WD Proxy]&amp;#27;[39m Proxying [POST /element/00000000-0000-004e-ffff-ffff000000a5/value] to [POST http://127.0.0.1:10000/wd/hub/session/e4d6a6f4-9c27-4160-9aea-5c846781b0dc/element/00000000-0000-004e-ffff-ffff000000a5/value] with body: {&quot;elementId&quot;:&quot;00000000-0000-004e-ffff-ffff000000a5&quot;,&quot;text&quot;:&quot;Berlin&quot;,&quot;replace&quot;:false,&quot;value&quot;:[&quot;B&quot;,&quot;e&quot;,&quot;r&quot;,&quot;l&quot;,&quot;i&quot;,&quot;n&quot;]}
[debug] &amp;#27;[35m[WD Proxy]&amp;#27;[39m Got response with status 200: {&quot;sessionId&quot;:&quot;e4d6a6f4-9c27-4160-9aea-5c846781b0dc&quot;,&quot;value&quot;:null}
[debug] &amp;#27;[35m[W3C (cf547498)]&amp;#27;[39m Responding to client with driver.setValue() result: null  And user types &quot;Berlin&quot; on search field                # com.qa.stepDefs.SearchStepDef.user_type_on_search_field(java.lang.String)

&amp;#27;[35m[HTTP]&amp;#27;[39m &amp;#27;[37m&lt;-- POST /wd/hub/session/cf547498-d02a-452f-b153-d61e6bc999ea/element/00000000-0000-004e-ffff-ffff000000a5/value &amp;#27;[39m&amp;#27;[32m200&amp;#27;[39m &amp;#27;[90m2118 ms - 14&amp;#27;[39m
&amp;#27;[35m[HTTP]&amp;#27;[39m &amp;#27;[90m&amp;#27;[39m
&amp;#27;[35m[HTTP]&amp;#27;[39m &amp;#27;[37m--&gt;&amp;#27;[39m &amp;#27;[37mGET&amp;#27;[39m &amp;#27;[37m/wd/hub/session/cf547498-d02a-452f-b153-d61e6bc999ea/context&amp;#27;[39m
&amp;#27;[35m[HTTP]&amp;#27;[39m &amp;#27;[90m{}&amp;#27;[39m
[debug] &amp;#27;[35m[W3C (cf547498)]&amp;#27;[39m Calling AppiumDriver.getCurrentContext() with args: [&quot;cf547498-d02a-452f-b153-d61e6bc999ea&quot;]
[debug] &amp;#27;[35m[W3C (cf547498)]&amp;#27;[39m Responding to client with driver.getCurrentContext() result: &quot;NATIVE_APP&quot;
&amp;#27;[35m[HTTP]&amp;#27;[39m &amp;#27;[37m&lt;-- GET /wd/hub/session/cf547498-d02a-452f-b153-d61e6bc999ea/context &amp;#27;[39m&amp;#27;[32m200&amp;#27;[39m &amp;#27;[90m4 ms - 22&amp;#27;[39m
&amp;#27;[35m[HTTP]&amp;#27;[39m &amp;#27;[90m&amp;#27;[39m
&amp;#27;[35m[HTTP]&amp;#27;[39m &amp;#27;[37m--&gt;&amp;#27;[39m &amp;#27;[37mPOST&amp;#27;[39m &amp;#27;[37m/wd/hub/session/cf547498-d02a-452f-b153-d61e6bc999ea/element&amp;#27;[39m
&amp;#27;[35m[HTTP]&amp;#27;[39m &amp;#27;[90m{&quot;using&quot;:&quot;id&quot;,&quot;value&quot;:&quot;org.wikipedia:id/page_list_item_container&quot;}&amp;#27;[39m
[debug] &amp;#27;[35m[W3C (cf547498)]&amp;#27;[39m Calling AppiumDriver.findElement() with args: [&quot;id&quot;,&quot;org.wikipedia:id/page_list_item_container&quot;,&quot;cf547498-d02a-452f-b153-d61e6bc999ea&quot;]
[debug] &amp;#27;[35m[BaseDriver]&amp;#27;[39m Valid locator strategies for this request: xpath, id, class name, accessibility id, css selector, -android uiautomator
[debug] &amp;#27;[35m[BaseDriver]&amp;#27;[39m Waiting up to 0 ms for condition
[debug] &amp;#27;[35m[WD Proxy]&amp;#27;[39m Matched &apos;/element&apos; to command name &apos;findElement&apos;
[debug] &amp;#27;[35m[WD Proxy]&amp;#27;[39m Proxying [POST /element] to [POST http://127.0.0.1:10000/wd/hub/session/e4d6a6f4-9c27-4160-9aea-5c846781b0dc/element] with body: {&quot;strategy&quot;:&quot;id&quot;,&quot;selector&quot;:&quot;org.wikipedia:id/page_list_item_container&quot;,&quot;context&quot;:&quot;&quot;,&quot;multiple&quot;:false}
[debug] &amp;#27;[35m[WD Proxy]&amp;#27;[39m Got response with status 200: {&quot;sessionId&quot;:&quot;e4d6a6f4-9c27-4160-9aea-5c846781b0dc&quot;,&quot;value&quot;:{&quot;ELEMENT&quot;:&quot;00000000-0000-004e-ffff-ffff000000c8&quot;,&quot;element-6066-11e4-a52e-4f735466cecf&quot;:&quot;00000000-0000-004e-ffff-ffff000000c8&quot;}}
[debug] &amp;#27;[35m[W3C (cf547498)]&amp;#27;[39m Responding to client with driver.findElement() result: {&quot;element-6066-11e4-a52e-4f735466cecf&quot;:&quot;00000000-0000-004e-ffff-ffff000000c8&quot;,&quot;ELEMENT&quot;:&quot;00000000-0000-004e-ffff-ffff000000c8&quot;}
&amp;#27;[35m[HTTP]&amp;#27;[39m &amp;#27;[37m&lt;-- POST /wd/hub/session/cf547498-d02a-452f-b153-d61e6bc999ea/element &amp;#27;[39m&amp;#27;[32m200&amp;#27;[39m &amp;#27;[90m1471 ms - 137&amp;#27;[39m
&amp;#27;[35m[HTTP]&amp;#27;[39m &amp;#27;[90m&amp;#27;[39m
&amp;#27;[35m[HTTP]&amp;#27;[39m &amp;#27;[37m--&gt;&amp;#27;[39m &amp;#27;[37mPOST&amp;#27;[39m &amp;#27;[37m/wd/hub/session/cf547498-d02a-452f-b153-d61e6bc999ea/element/00000000-0000-004e-ffff-ffff000000c8/click&amp;#27;[39m
&amp;#27;[35m[HTTP]&amp;#27;[39m &amp;#27;[90m{&quot;id&quot;:&quot;00000000-0000-004e-ffff-ffff000000c8&quot;}&amp;#27;[39m
[debug] &amp;#27;[35m[W3C (cf547498)]&amp;#27;[39m Calling AppiumDriver.click() with args: [&quot;00000000-0000-004e-ffff-ffff000000c8&quot;,&quot;cf547498-d02a-452f-b153-d61e6bc999ea&quot;]
[debug] &amp;#27;[35m[WD Proxy]&amp;#27;[39m Matched &apos;/element/00000000-0000-004e-ffff-ffff000000c8/click&apos; to command name &apos;click&apos;
[debug] &amp;#27;[35m[WD Proxy]&amp;#27;[39m Proxying [POST /element/00000000-0000-004e-ffff-ffff000000c8/click] to [POST http://127.0.0.1:10000/wd/hub/session/e4d6a6f4-9c27-4160-9aea-5c846781b0dc/element/00000000-0000-004e-ffff-ffff000000c8/click] with body: {&quot;element&quot;:&quot;00000000-0000-004e-ffff-ffff000000c8&quot;}
[debug] &amp;#27;[35m[WD Proxy]&amp;#27;[39m Got response with status 200: {&quot;sessionId&quot;:&quot;e4d6a6f4-9c27-4160-9aea-5c846781b0dc&quot;,&quot;value&quot;:null}
[debug] &amp;#27;[35m[W3C (cf547498)]&amp;#27;[39m Responding to client with driver.click() result: null
&amp;#27;[35m[HTTP]&amp;#27;[39m &amp;#27;[37m&lt;-- POST /wd/hub/session/cf547498-d02a-452f-b153-d61e6bc999ea/element/00000000-0000-004e-ffff-ffff000000c8/click &amp;#27;[39m&amp;#27;[32m200&amp;#27;[39m &amp;#27;[90m1573 ms - 14&amp;#27;[39m
&amp;#27;[35m[HTTP  And user taps on first result                          # com.qa.stepDefs.SearchStepDef.user_taps_on_first_result()]&amp;#27;[39m 
&amp;#27;[90m&amp;#27;[39m
&amp;#27;[35m[HTTP]&amp;#27;[39m &amp;#27;[37m--&gt;&amp;#27;[39m &amp;#27;[37mGET&amp;#27;[39m &amp;#27;[37m/wd/hub/session/cf547498-d02a-452f-b153-d61e6bc999ea/context&amp;#27;[39m
&amp;#27;[35m[HTTP]&amp;#27;[39m &amp;#27;[90m{}&amp;#27;[39m
[debug] &amp;#27;[35m[W3C (cf547498)]&amp;#27;[39m Calling AppiumDriver.getCurrentContext() with args: [&quot;cf547498-d02a-452f-b153-d61e6bc999ea&quot;]
[debug] &amp;#27;[35m[W3C (cf547498)]&amp;#27;[39m Responding to client with driver.getCurrentContext() result: &quot;NATIVE_APP&quot;
&amp;#27;[35m[HTTP]&amp;#27;[39m &amp;#27;[37m&lt;-- GET /wd/hub/session/cf547498-d02a-452f-b153-d61e6bc999ea/context &amp;#27;[39m&amp;#27;[32m200&amp;#27;[39m &amp;#27;[90m4 ms - 22&amp;#27;[39m
&amp;#27;[35m[HTTP]&amp;#27;[39m &amp;#27;[90m&amp;#27;[39m
&amp;#27;[35m[HTTP]&amp;#27;[39m &amp;#27;[37m--&gt;&amp;#27;[39m &amp;#27;[37mPOST&amp;#27;[39m &amp;#27;[37m/wd/hub/session/cf547498-d02a-452f-b153-d61e6bc999ea/element&amp;#27;[39m
&amp;#27;[35m[HTTP]&amp;#27;[39m &amp;#27;[90m{&quot;using&quot;:&quot;id&quot;,&quot;value&quot;:&quot;org.wikipedia:id/view_page_title_text&quot;}&amp;#27;[39m
[debug] &amp;#27;[35m[W3C (cf547498)]&amp;#27;[39m Calling AppiumDriver.findElement() with args: [&quot;id&quot;,&quot;org.wikipedia:id/view_page_title_text&quot;,&quot;cf547498-d02a-452f-b153-d61e6bc999ea&quot;]
[debug] &amp;#27;[35m[BaseDriver]&amp;#27;[39m Valid locator strategies for this request: xpath, id, class name, accessibility id, css selector, -android uiautomator
[debug] &amp;#27;[35m[BaseDriver]&amp;#27;[39m Waiting up to 0 ms for condition
[debug] &amp;#27;[35m[WD Proxy]&amp;#27;[39m Matched &apos;/element&apos; to command name &apos;findElement&apos;
[debug] &amp;#27;[35m[WD Proxy]&amp;#27;[39m Proxying [POST /element] to [POST http://127.0.0.1:10000/wd/hub/session/e4d6a6f4-9c27-4160-9aea-5c846781b0dc/element] with body: {&quot;strategy&quot;:&quot;id&quot;,&quot;selector&quot;:&quot;org.wikipedia:id/view_page_title_text&quot;,&quot;context&quot;:&quot;&quot;,&quot;multiple&quot;:false}
&amp;#27;[35m[WD Proxy]&amp;#27;[39m Got response with status 404: {&quot;sessionId&quot;:&quot;e4d6a6f4-9c27-4160-9aea-5c846781b0dc&quot;,&quot;value&quot;:{&quot;error&quot;:&quot;no such element&quot;,&quot;message&quot;:&quot;An element could not be located on the page using the given search parameters&quot;,&quot;stacktrace&quot;:&quot;io.appium.uiautomator2.common.exceptions.ElementNotFoundException: An element could not be located on the page using the given search parameters\n\tat io.appium.uiautomator2.handler.FindElement.safeHandle(FindElement.java:70)\n\tat io.appium.uiautomator2.handler.request.SafeRequestHandler.handle(SafeRequestHandler.java:59)\n\tat io.appium.uiautomator2.server.AppiumServlet.handleRequest(AppiumServlet.java:264)\n\tat io.appium.uiautomator2.server.AppiumServlet.handleHttpRequest(AppiumServlet.java:258)\n\tat io.appium.uiautomator2.http.ServerHandler.channelRead(ServerHandler.java:68)\n\tat io.netty.channel.AbstractChannelHandlerContext.invokeChannelRead(AbstractChannelHandlerContext.java:366)\n\tat io.netty.channel.AbstractChannelHandlerContext.invokeChannelRead(AbstractChannelHandlerContext.java:352)\n\tat io.netty.chann...
[debug] &amp;#27;[35m[W3C]&amp;#27;[39m Matched W3C error code &apos;no such element&apos; to NoSuchElementError
[debug] &amp;#27;[35m[W3C (cf547498)]&amp;#27;[39m Encountered internal error running command: NoSuchElementError: An element could not be located on the page using the given search parameters.
[debug] &amp;#27;[35m[W3C (cf547498)]&amp;#27;[39m     at AndroidUiautomator2Driver.findElOrEls (C:\Users\Naim\AppData\Roaming\npm\node_modules\appium\node_modules\appium-android-driver\lib\commands\find.js:75:11)
[debug] &amp;#27;[35m[W3C (cf547498)]&amp;#27;[39m     at processTicksAndRejections (internal/process/task_queues.js:95:5)
[debug] &amp;#27;[35m[W3C (cf547498)]&amp;#27;[39m     at AndroidUiautomator2Driver.findElOrElsWithP  Then user reads the result as &quot;Berlin&quot; on Content Page # com.qa.stepDefs.SearchStepDef.user_reads_the_result_as_on_Content_Page(java.lang.String)
      org.openqa.selenium.NoSuchElementException: Can&apos;t locate an element by this strategy: By.chained({By.id: org.wikipedia:id/view_page_title_text})
	at io.appium.java_client.pagefactory.AppiumElementLocator.findElement(AppiumElementLocator.java:126)
	at io.appium.java_client.pagefactory.interceptors.InterceptorOfASingleElement.intercept(InterceptorOfASingleElement.java:59)
	at io.appium.java_client.android.AndroidElement$$EnhancerByCGLIB$$b598166c.getText(&lt;generated&gt;)
	at com.qa.stepDefs.SearchStepDef.user_reads_the_result_as_on_Content_Page(SearchStepDef.java:31)
	at ?.user reads the result as &quot;Berlin&quot; on Content Page(file:///C:/Users/Naim/Desktop/IT/Projeler%20IntelliJ/wikiCucumber2/src/test/resources/features/searchORG.feature:12)
Caused by: org.openqa.selenium.TimeoutException: Expected condition failed: waiting for io.appium.java_client.pagefactory.AppiumElementLocator$WaitingFunction@76889e60 (tried for 1 second(s) with 500 milliseconds interval)
	at org.openqa.selenium.support.ui.FluentWait.timeoutException(FluentWait.java:304)
	at org.openqa.selenium.support.ui.FluentWait.until(FluentWait.java:272)
	at io.appium.java_client.pagefactory.AppiumElementLocator.waitFor(AppiumElementLocator.java:99)
	at io.appium.java_client.pagefactory.AppiumElementLocator.findElement(AppiumElementLocator.java:119)
	at io.appium.java_client.pagefactory.interceptors.InterceptorOfASingleElement.intercept(InterceptorOfASingleElement.java:59)
	at io.appium.java_client.android.AndroidElement$$EnhancerByCGLIB$$b598166c.getText(&lt;generated&gt;)
	at com.qa.stepDefs.SearchStepDef.user_reads_the_result_as_on_Content_Page(SearchStepDef.java:31)
	at java.base/jdk.internal.reflect.NativeMethodAccessorImpl.invoke0(Native Method)
	at java.base/jdk.internal.reflect.NativeMethodAccessorImpl.invoke(NativeMethodAccessorImpl.java:62)
	at java.base/jdk.internal.reflect.DelegatingMethodAccessorImpl.invoke(DelegatingMethodAccessorImpl.java:43)
	at java.base/java.lang.reflect.Method.invoke(Method.java:564)
	at io.cucumber.java.Invoker.invoke(Invoker.java:27)
	at io.cucumber.java.JavaStepDefinition.execute(JavaStepDefinition.java:27)
	at io.cucumber.core.runner.PickleStepDefinitionMatch.runStep(PickleStepDefinitionMatch.java:63)
	at io.cucumber.core.runner.TestStep.executeStep(TestStep.java:64)
	at io.cucumber.core.runner.TestStep.run(TestStep.java:49)
	at io.cucumber.core.runner.PickleStepTestStep.run(PickleStepTestStep.java:46)
	at io.cucumber.core.runner.TestCase.run(TestCase.java:51)
	at io.cucumber.core.runner.Runner.runPickle(Runner.java:67)
	at io.cucumber.junit.PickleRunners$NoStepDescriptions.run(PickleRunners.java:149)
	at io.cucumber.junit.FeatureRunner.runChild(FeatureRunner.java:83)
	at io.cucumber.junit.FeatureRunner.runChild(FeatureRunner.java:24)
	at org.junit.runners.ParentRunner$4.run(ParentRunner.java:331)
	at org.junit.runners.ParentRunner$1.schedule(ParentRunner.java:79)
	at org.junit.runners.ParentRunner.runChildren(ParentRunner.java:329)
	at org.junit.runners.ParentRunner.access$100(ParentRunner.java:66)
	at org.junit.runners.ParentRunner$2.evaluate(ParentRunner.java:293)
	at org.junit.runners.ParentRunner$3.evaluate(ParentRunner.java:306)
	at org.junit.runners.ParentRunner.run(ParentRunner.java:413)
	at io.cucumber.junit.Cucumber.runChild(Cucumber.java:185)
	at io.cucumber.junit.Cucumber.runChild(Cucumber.java:83)
	at org.junit.runners.ParentRunner$4.run(ParentRunner.java:331)
	at org.junit.runners.ParentRunner$1.schedule(ParentRunner.java:79)
	at org.junit.runners.ParentRunner.runChildren(ParentRunner.java:329)
	at org.junit.runners.ParentRunner.access$100(ParentRunner.java:66)
	at org.junit.runners.ParentRunner$2.evaluate(ParentRunner.java:293)
	at io.cucumber.junit.Cucumber$RunCucumber.evaluate(Cucumber.java:219)
	at org.junit.runners.ParentRunner$3.evaluate(ParentRunner.java:306)
	at org.junit.runners.ParentRunner.run(ParentRunner.java:413)
	at org.apache.maven.surefire.junit4.JUnit4Provider.execute(JUnit4Provider.java:252)
	at org.apache.maven.surefire.junit4.JUnit4Provider.executeTestSet(JUnit4Provider.java:141)
	at org.apache.maven.surefire.junit4.JUnit4Provider.invoke(JUnit4Provider.java:112)
	at java.base/jdk.internal.reflect.NativeMethodAccessorImpl.invoke0(Native Method)
	at java.base/jdk.internal.reflect.NativeMethodAccessorImpl.invoke(NativeMethodAccessorImpl.java:62)
	at java.base/jdk.internal.reflect.DelegatingMethodAccessorImpl.invoke(DelegatingMethodAccessorImpl.java:43)
	at java.base/java.lang.reflect.Method.invoke(Method.java:564)
	at org.apache.maven.surefire.util.ReflectionUtils.invokeMethodWithArray(ReflectionUtils.java:189)
	at org.apache.maven.surefire.booter.ProviderFactory$ProviderProxy.invoke(ProviderFactory.java:165)
	at org.apache.maven.surefire.booter.ProviderFactory.invokeProvider(ProviderFactory.java:85)
	at org.apache.maven.surefire.booter.ForkedBooter.runSuitesInProcess(ForkedBooter.java:115)
	at org.apache.maven.surefire.booter.ForkedBooter.main(ForkedBooter.java:75)
Caused by: org.openqa.selenium.NoSuchElementException: Cannot locate an element using By.chained({By.id: org.wikipedia:id/view_page_title_text})
For documentation on this error, please visit: https://www.seleniumhq.org/exceptions/no_such_element.html
Build info: version: &apos;3.141.59&apos;, revision: &apos;e82be7d358&apos;, time: &apos;2018-11-14T08:17:03&apos;
System info: host: &apos;DESKTOP-Q4B5RA0&apos;, ip: &apos;192.168.0.115&apos;, os.name: &apos;Windows 10&apos;, os.arch: &apos;amd64&apos;, os.version: &apos;10.0&apos;, java.version: &apos;14.0.2&apos;
Driver info: driver.version: AndroidDriver
	at io.appium.java_client.pagefactory.bys.builder.ByChained.findElement(ByChained.java:74)
	at org.openqa.selenium.remote.RemoteWebDriver.findElement(RemoteWebDriver.java:315)
	at io.appium.java_client.DefaultGenericMobileDriver.findElement(DefaultGenericMobileDriver.java:57)
	at io.appium.java_client.AppiumDriver.findElement(AppiumDriver.java:1)
	at io.appium.java_client.android.AndroidDriver.findElement(AndroidDriver.java:1)
	at io.appium.java_client.pagefactory.bys.ContentMappedBy.findElement(ContentMappedBy.java:50)
	at org.openqa.selenium.remote.RemoteWebDriver.findElement(RemoteWebDriver.java:315)
	at io.appium.java_client.DefaultGenericMobileDriver.findElement(DefaultGenericMobileDriver.java:57)
	at io.appium.java_client.AppiumDriver.findElement(AppiumDriver.java:1)
	at io.appium.java_client.android.AndroidDriver.findElement(AndroidDriver.java:1)
	at io.appium.java_client.pagefactory.AppiumElementLocator.lambda$0(AppiumElementLocator.java:120)
	at io.appium.java_client.pagefactory.AppiumElementLocator$WaitingFunction.apply(AppiumElementLocator.java:172)
	at io.appium.java_client.pagefactory.AppiumElementLocator$WaitingFunction.apply(AppiumElementLocator.java:1)
	at org.openqa.selenium.support.ui.FluentWait.until(FluentWait.java:249)
	... 49 more

rocessing (C:\Users\Naim\AppData\Roaming\npm\node_modules\appium\node_modules\appium-base-driver\lib\basedriver\commands\find.js:33:12)
[debug] &amp;#27;[35m[W3C (cf547498)]&amp;#27;[39m     at AndroidUiautomator2Driver.findElement (C:\Users\Naim\AppData\Roaming\npm\node_modules\appium\node_modules\appium-base-driver\lib\basedriver\commands\find.js:53:10)
&amp;#27;[35m[HTTP]&amp;#27;[39m &amp;#27;[37m&lt;-- POST /wd/hub/session/cf547498-d02a-452f-b153-d61e6bc999ea/element &amp;#27;[39m&amp;#27;[33m404&amp;#27;[39m &amp;#27;[90m3572 ms - 875&amp;#27;[39m
&amp;#27;[35m[HTTP]&amp;#27;[39m &amp;#27;[90m&amp;#27;[39m
&amp;#27;[35m[HTTP]&amp;#27;[39m &amp;#27;[37m--&gt;&amp;#27;[39m &amp;#27;[37mDELETE&amp;#27;[39m &amp;#27;[37m/wd/hub/session/cf547498-d02a-452f-b153-d61e6bc999ea&amp;#27;[39m
&amp;#27;[35m[HTTP]&amp;#27;[39m &amp;#27;[90m{}&amp;#27;[39m
[debug] &amp;#27;[35m[W3C (cf547498)]&amp;#27;[39m Calling AppiumDriver.deleteSession() with args: [&quot;cf547498-d02a-452f-b153-d61e6bc999ea&quot;]
[debug] &amp;#27;[35m[BaseDriver]&amp;#27;[39m Event &apos;quitSessionRequested&apos; logged at 1634029562707 (11:06:02 GMT+0200 (Central European Summer Time))
&amp;#27;[35m[Appium]&amp;#27;[39m Removing session cf547498-d02a-452f-b153-d61e6bc999ea from our master session list
[debug] &amp;#27;[35m[UiAutomator2]&amp;#27;[39m Deleting UiAutomator2 session
[debug] &amp;#27;[35m[UiAutomator2]&amp;#27;[39m Deleting UiAutomator2 server session
[debug] &amp;#27;[35m[WD Proxy]&amp;#27;[39m Matched &apos;/&apos; to command name &apos;deleteSession&apos;
[debug] &amp;#27;[35m[WD Proxy]&amp;#27;[39m Proxying [DELETE /] to [DELETE http://127.0.0.1:10000/wd/hub/session/e4d6a6f4-9c27-4160-9aea-5c846781b0dc] with no body
[debug] &amp;#27;[35m[WD Proxy]&amp;#27;[39m Got response with status 200: {&quot;sessionId&quot;:&quot;e4d6a6f4-9c27-4160-9aea-5c846781b0dc&quot;,&quot;value&quot;:null}
[debug] &amp;#27;[35m[ADB]&amp;#27;[39m Running &apos;C:\Users\Naim\AppData\Local\Android\Sdk\platform-tools\adb.exe -P 5037 -s emulator-5554 shell am force-stop org.wikipedia&apos;
[debug] &amp;#27;[35m[Instrumentation]&amp;#27;[39m .
[debug] &amp;#27;[35m[Instrumentation]&amp;#27;[39m Time: 19.456
[debug] &amp;#27;[35m[Instrumentation]&amp;#27;[39m 
[debug] &amp;#27;[35m[Instrumentation]&amp;#27;[39m OK (1 test)
[debug] &amp;#27;[35m[Instrumentation]&amp;#27;[39m The process has exited with code 0
[debug] &amp;#27;[35m[Logcat]&amp;#27;[39m Stopping logcat capture
[debug] &amp;#27;[35m[ADB]&amp;#27;[39m Removing forwarded port socket connection: 10000 
[debug] &amp;#27;[35m[ADB]&amp;#27;[39m Running &apos;C:\Users\Naim\AppData\Local\Android\Sdk\platform-tools\adb.exe -P 5037 -s emulator-5554 forward --remove tcp:10000&apos;
&amp;#27;[35m[UiAutomator2]&amp;#27;[39m Restoring hidden api policy to the device default configuration
[debug] &amp;#27;[35m[ADB]&amp;#27;[39m Running &apos;C:\Users\Naim\AppData\Local\Android\Sdk\platform-tools\adb.exe -P 5037 -s emulator-5554 shell &apos;settings delete global hidden_api_policy_pre_p_apps;settings delete global hidden_api_policy_p_apps;settings delete global hidden_api_policy&apos;&apos;
[debug] &amp;#27;[35m[BaseDriver]&amp;#27;[39m Event &apos;quitSessionFinished&apos; logged at 1634029565693 (11:06:05 GMT+0200 (Central European Summer Time))
[debug] &amp;#27;[35m[W3C (cf547498)]&amp;#27;[39m Received response: null
[debug] &amp;#27;[35m[W3C (cf547498)]&amp;#27;[39m But deleting session, so not returning
[debug] &amp;#27;[35m[W3C (cf547498)]&amp;#27;[39m Responding to client with driver.deleteSession() result: null
&amp;#27;[35m[HTTP]&amp;#27;[39m &amp;#27;[37m&lt;-- DELETE /wd/hub/session/cf547498-d02a-452f-b153-d61e6bc999ea &amp;#27;[39m&amp;#27;[32m200&amp;#27;[39m &amp;#27;[90m2990 ms - 14&amp;#27;[39m
&amp;#27;[35m[HTTP]&amp;#27;[39m &amp;#27;[90m&amp;#27;[39m
</system-out>
    <system-err>SLF4J: Failed to load class &quot;org.slf4j.impl.StaticLoggerBinder&quot;.
SLF4J: Defaulting to no-operation (NOP) logger implementation
SLF4J: See http://www.slf4j.org/codes.html#StaticLoggerBinder for further details.
Oct 12, 2021 11:05:49 AM io.appium.java_client.remote.AppiumCommandExecutor$1 lambda$0
INFO: Detected dialect: W3C
</system-err>
  </testcase>
  <testcase classname="Search field test suit" name="Searching with a valid entry" time="31.629">
    <error message="Can&apos;t locate an element by this strategy: By.chained({By.id: org.wikipedia:id/view_page_title_text})" type="org.openqa.selenium.NoSuchElementException">org.openqa.selenium.NoSuchElementException: Can&apos;t locate an element by this strategy: By.chained({By.id: org.wikipedia:id/view_page_title_text})
	at io.appium.java_client.pagefactory.AppiumElementLocator.findElement(AppiumElementLocator.java:126)
	at io.appium.java_client.pagefactory.interceptors.InterceptorOfASingleElement.intercept(InterceptorOfASingleElement.java:59)
	at io.appium.java_client.android.AndroidElement$$EnhancerByCGLIB$$b598166c.getText(&lt;generated&gt;)
	at com.qa.stepDefs.SearchStepDef.user_reads_the_result_as_on_Content_Page(SearchStepDef.java:31)
	at ✽.user reads the result as &quot;Berlin&quot; on Content Page(file:///C:/Users/Naim/Desktop/IT/Projeler%20IntelliJ/wikiCucumber2/src/test/resources/features/searchORG.feature:12)
Caused by: org.openqa.selenium.TimeoutException: Expected condition failed: waiting for io.appium.java_client.pagefactory.AppiumElementLocator$WaitingFunction@dc79225 (tried for 1 second(s) with 500 milliseconds interval)
	at org.openqa.selenium.support.ui.FluentWait.timeoutException(FluentWait.java:304)
	at org.openqa.selenium.support.ui.FluentWait.until(FluentWait.java:272)
	at io.appium.java_client.pagefactory.AppiumElementLocator.waitFor(AppiumElementLocator.java:99)
	at io.appium.java_client.pagefactory.AppiumElementLocator.findElement(AppiumElementLocator.java:119)
	at io.appium.java_client.pagefactory.interceptors.InterceptorOfASingleElement.intercept(InterceptorOfASingleElement.java:59)
	at io.appium.java_client.android.AndroidElement$$EnhancerByCGLIB$$b598166c.getText(&lt;generated&gt;)
	at com.qa.stepDefs.SearchStepDef.user_reads_the_result_as_on_Content_Page(SearchStepDef.java:31)
	at java.base/jdk.internal.reflect.NativeMethodAccessorImpl.invoke0(Native Method)
	at java.base/jdk.internal.reflect.NativeMethodAccessorImpl.invoke(NativeMethodAccessorImpl.java:62)
	at java.base/jdk.internal.reflect.DelegatingMethodAccessorImpl.invoke(DelegatingMethodAccessorImpl.java:43)
	at java.base/java.lang.reflect.Method.invoke(Method.java:564)
	at io.cucumber.java.Invoker.invoke(Invoker.java:27)
	at io.cucumber.java.JavaStepDefinition.execute(JavaStepDefinition.java:27)
	at io.cucumber.core.runner.PickleStepDefinitionMatch.runStep(PickleStepDefinitionMatch.java:63)
	at io.cucumber.core.runner.TestStep.executeStep(TestStep.java:64)
	at io.cucumber.core.runner.TestStep.run(TestStep.java:49)
	at io.cucumber.core.runner.PickleStepTestStep.run(PickleStepTestStep.java:46)
	at io.cucumber.core.runner.TestCase.run(TestCase.java:51)
	at io.cucumber.core.runner.Runner.runPickle(Runner.java:67)
	at io.cucumber.junit.PickleRunners$NoStepDescriptions.run(PickleRunners.java:149)
	at io.cucumber.junit.FeatureRunner.runChild(FeatureRunner.java:83)
	at io.cucumber.junit.FeatureRunner.runChild(FeatureRunner.java:24)
	at org.junit.runners.ParentRunner$4.run(ParentRunner.java:331)
	at org.junit.runners.ParentRunner$1.schedule(ParentRunner.java:79)
	at org.junit.runners.ParentRunner.runChildren(ParentRunner.java:329)
	at org.junit.runners.ParentRunner.access$100(ParentRunner.java:66)
	at org.junit.runners.ParentRunner$2.evaluate(ParentRunner.java:293)
	at org.junit.runners.ParentRunner$3.evaluate(ParentRunner.java:306)
	at org.junit.runners.ParentRunner.run(ParentRunner.java:413)
	at io.cucumber.junit.Cucumber.runChild(Cucumber.java:185)
	at io.cucumber.junit.Cucumber.runChild(Cucumber.java:83)
	at org.junit.runners.ParentRunner$4.run(ParentRunner.java:331)
	at org.junit.runners.ParentRunner$1.schedule(ParentRunner.java:79)
	at org.junit.runners.ParentRunner.runChildren(ParentRunner.java:329)
	at org.junit.runners.ParentRunner.access$100(ParentRunner.java:66)
	at org.junit.runners.ParentRunner$2.evaluate(ParentRunner.java:293)
	at io.cucumber.junit.Cucumber$RunCucumber.evaluate(Cucumber.java:219)
	at org.junit.runners.ParentRunner$3.evaluate(ParentRunner.java:306)
	at org.junit.runners.ParentRunner.run(ParentRunner.java:413)
	at org.apache.maven.surefire.junit4.JUnit4Provider.execute(JUnit4Provider.java:252)
	at org.apache.maven.surefire.junit4.JUnit4Provider.executeTestSet(JUnit4Provider.java:141)
	at org.apache.maven.surefire.junit4.JUnit4Provider.invoke(JUnit4Provider.java:112)
	at java.base/jdk.internal.reflect.NativeMethodAccessorImpl.invoke0(Native Method)
	at java.base/jdk.internal.reflect.NativeMethodAccessorImpl.invoke(NativeMethodAccessorImpl.java:62)
	at java.base/jdk.internal.reflect.DelegatingMethodAccessorImpl.invoke(DelegatingMethodAccessorImpl.java:43)
	at java.base/java.lang.reflect.Method.invoke(Method.java:564)
	at org.apache.maven.surefire.util.ReflectionUtils.invokeMethodWithArray(ReflectionUtils.java:189)
	at org.apache.maven.surefire.booter.ProviderFactory$ProviderProxy.invoke(ProviderFactory.java:165)
	at org.apache.maven.surefire.booter.ProviderFactory.invokeProvider(ProviderFactory.java:85)
	at org.apache.maven.surefire.booter.ForkedBooter.runSuitesInProcess(ForkedBooter.java:115)
	at org.apache.maven.surefire.booter.ForkedBooter.main(ForkedBooter.java:75)
Caused by: org.openqa.selenium.NoSuchElementException: Cannot locate an element using By.chained({By.id: org.wikipedia:id/view_page_title_text})
For documentation on this error, please visit: https://www.seleniumhq.org/exceptions/no_such_element.html
Build info: version: &apos;3.141.59&apos;, revision: &apos;e82be7d358&apos;, time: &apos;2018-11-14T08:17:03&apos;
System info: host: &apos;DESKTOP-Q4B5RA0&apos;, ip: &apos;192.168.0.115&apos;, os.name: &apos;Windows 10&apos;, os.arch: &apos;amd64&apos;, os.version: &apos;10.0&apos;, java.version: &apos;14.0.2&apos;
Driver info: driver.version: AndroidDriver
	at io.appium.java_client.pagefactory.bys.builder.ByChained.findElement(ByChained.java:74)
	at org.openqa.selenium.remote.RemoteWebDriver.findElement(RemoteWebDriver.java:315)
	at io.appium.java_client.DefaultGenericMobileDriver.findElement(DefaultGenericMobileDriver.java:57)
	at io.appium.java_client.AppiumDriver.findElement(AppiumDriver.java:1)
	at io.appium.java_client.android.AndroidDriver.findElement(AndroidDriver.java:1)
	at io.appium.java_client.pagefactory.bys.ContentMappedBy.findElement(ContentMappedBy.java:50)
	at org.openqa.selenium.remote.RemoteWebDriver.findElement(RemoteWebDriver.java:315)
	at io.appium.java_client.DefaultGenericMobileDriver.findElement(DefaultGenericMobileDriver.java:57)
	at io.appium.java_client.AppiumDriver.findElement(AppiumDriver.java:1)
	at io.appium.java_client.android.AndroidDriver.findElement(AndroidDriver.java:1)
	at io.appium.java_client.pagefactory.AppiumElementLocator.lambda$0(AppiumElementLocator.java:120)
	at io.appium.java_client.pagefactory.AppiumElementLocator$WaitingFunction.apply(AppiumElementLocator.java:172)
	at io.appium.java_client.pagefactory.AppiumElementLocator$WaitingFunction.apply(AppiumElementLocator.java:1)
	at org.openqa.selenium.support.ui.FluentWait.until(FluentWait.java:249)
	... 49 more
</error>
    <system-out>
@search @smoke
Scenario Outline: Searching with a valid entry           # src/test/resources/features/searchORG.feature:16
[INFO ] 2021-10-12 11:06:05.858 com.qa.utils.ServerManager:19 -  *** starting appium server... 
&amp;#27;[35m[Appium]&amp;#27;[39m Welcome to Appium v1.22.0
&amp;#27;[35m[Appium]&amp;#27;[39m Non-default server args:
&amp;#27;[35m[Appium]&amp;#27;[39m   port: 22321
&amp;#27;[35m[Appium]&amp;#27;[39m   sessionOverride: true
&amp;#27;[35m[Appium]&amp;#27;[39m   logFile: C:\Users\Naim\Desktop\IT\Projeler IntelliJ\wikiCucumber2\Android_serkanEmulator\Server.log
&amp;#27;[35m[Appium]&amp;#27;[39m Appium REST http interface listener started on 0.0.0.0:22321
&amp;#27;[35m[HTTP]&amp;#27;[39m &amp;#27;[37m--&gt;&amp;#27;[39m &amp;#27;[37mGET&amp;#27;[39m &amp;#27;[37m/wd/hub/status&amp;#27;[39m
&amp;#27;[35m[HTTP]&amp;#27;[39m &amp;#27;[90m{}&amp;#27;[39m
[debug] &amp;#27;[35m[GENERIC]&amp;#27;[39m Calling AppiumDriver.getStatus() with args: []
[debug] &amp;#27;[35m[GENERIC]&amp;#27;[39m Responding to client with driver.getStatus() result: {&quot;build&quot;:{&quot;version&quot;:&quot;1.22.0&quot;}}
&amp;#27;[35m[HTTP]&amp;#27;[39m &amp;#27;[37m&lt;-- GET /wd/hub/status &amp;#27;[39m&amp;#27;[32m200&amp;#27;[39m &amp;#27;[90m13 ms - 68&amp;#27;[39m
&amp;#27;[35m[HTTP]&amp;#27;[39m &amp;#27;[90m&amp;#27;[39m
&amp;#27;[35m[HTTP]&amp;#27;[39m &amp;#27;[37m--&gt;&amp;#27;[39m &amp;#27;[37mGET&amp;#27;[39m &amp;#27;[37m/wd/hub/status&amp;#27;[39m
&amp;#27;[35m[HTTP]&amp;#27;[39m &amp;#27;[90m{}&amp;#27;[39m
[debug] &amp;#27;[35m[GENERIC]&amp;#27;[39m Calling AppiumDriver.getStatus() with args: []
[debug] &amp;#27;[35m[GENERIC]&amp;#27;[39m Responding to client with driver.getStatus() result: {&quot;build&quot;:{&quot;version&quot;:&quot;1.22.0&quot;}}
&amp;#27;[35m[HTTP]&amp;#27;[39m &amp;#27;[37[INFO ] 2021-10-12 11:06:10.542 com.qa.utils.ServerManager:29 -  *** Appium server started! *** 
m&lt;-- GET /wd/hub/status &amp;#27;[39m&amp;#27;[32m200&amp;#27;[39m &amp;#27;[90m6 ms - 68&amp;#27;[39m
&amp;#27;[35m[HTTP]&amp;#27;[39m &amp;#27;[90m&amp;#27;[39m
[INFO ] 2021-10-12 11:06:10.544 com.qa.utils.DriverManager:29 -  *** initializing Appium driver... 
[INFO ] 2021-10-12 11:06:10.546 com.qa.utils.CapabilitiesManager:18 - getting capabilities
[INFO ] 2021-10-12 11:06:10.547 com.qa.utils.CapabilitiesManager:34 - appUrl isC:\Users\Naim\Desktop\IT\Projeler IntelliJ\wikiCucumber2\src\test\resources\apps\org.wikipedia.apk
&amp;#27;[35m[HTTP]&amp;#27;[39m &amp;#27;[37m--&gt;&amp;#27;[39m &amp;#27;[37mPOST&amp;#27;[39m &amp;#27;[37m/wd/hub/session&amp;#27;[39m
[...]
&amp;#27;[35m[HTTP]&amp;#27;[39m &amp;#27;[90m&amp;#27;[39m
&amp;#27;[35m[HTTP]&amp;#27;[39m &amp;#27;[37m--&gt;&amp;#27;[39m &amp;#27;[37mPOST&amp;#27;[39m &amp;#27;[37m/wd/hub/session/3c9e0025-5042-4ebf-bab2-313f07cb1ef6/element&amp;#27;[39m
&amp;#27;[35m[HTTP]&amp;#27;[39m &amp;#27;[90m{&quot;using&quot;:&quot;id&quot;,&quot;value&quot;:&quot;org.wikipedia:id/search_src_text&quot;}&amp;#27;[39m
[debug] &amp;#27;[35m[W3C (3c9e0025)]&amp;#27;[39m Calling AppiumDriver.findElement() with args: [&quot;id&quot;,&quot;org.wikipedia:id/search_src_text&quot;,&quot;3c9e0025-5042-4ebf-bab2-313f07cb1ef6&quot;]
[debug] &amp;#27;[35m[BaseDriver]&amp;#27;[39m Valid locator strategies for this request: xpath, id, class name, accessibility id, css selector, -android uiautomator
[debug] &amp;#27;[35m[BaseDriver]&amp;#27;[39m Waiting up to 0 ms for condition
[debug] &amp;#27;[35m[WD Proxy]&amp;#27;[39m Matched &apos;/element&apos; to command name &apos;findElement&apos;
[debug] &amp;#27;[35m[WD Proxy]&amp;#27;[39m Proxying [POST /element] to [POST http://127.0.0.1:10000/wd/hub/session/d7155c41-faa7-4e73-9863-c97c27c70424/element] with body: {&quot;strategy&quot;:&quot;id&quot;,&quot;selector&quot;:&quot;org.wikipedia:id/search_src_text&quot;,&quot;context&quot;:&quot;&quot;,&quot;multiple&quot;:false}
[debug] &amp;#27;[35m[WD Proxy]&amp;#27;[39m Got response with status 200: {&quot;sessionId&quot;:&quot;d7155c41-faa7-4e73-9863-c97c27c70424&quot;,&quot;value&quot;:{&quot;ELEMENT&quot;:&quot;00000000-0000-0065-ffff-ffff000000a5&quot;,&quot;element-6066-11e4-a52e-4f735466cecf&quot;:&quot;00000000-0000-0065-ffff-ffff000000a5&quot;}}
[debug] &amp;#27;[35m[W3C (3c9e0025)]&amp;#27;[39m Responding to client with driver.findElement() result: {&quot;element-6066-11e4-a52e-4f735466cecf&quot;:&quot;00000000-0000-0065-ffff-ffff000000a5&quot;,&quot;ELEMENT&quot;:&quot;00000000-0000-0065-ffff-ffff000000a5&quot;}
&amp;#27;[35m[HTTP]&amp;#27;[39m &amp;#27;[37m&lt;-- POST /wd/hub/session/3c9e0025-5042-4ebf-bab2-313f07cb1ef6/element &amp;#27;[39m&amp;#27;[32m200&amp;#27;[39m &amp;#27;[90m1103 ms - 137&amp;#27;[39m
&amp;#27;[35m[HTTP]&amp;#27;[39m &amp;#27;[90m&amp;#27;[39m
&amp;#27;[35m[HTTP]&amp;#27;[39m &amp;#27;[37m--&gt;&amp;#27;[39m &amp;#27;[37mPOST&amp;#27;[39m &amp;#27;[37m/wd/hub/session/3c9e0025-5042-4ebf-bab2-313f07cb1ef6/element/00000000-0000-0065-ffff-ffff000000a5/value&amp;#27;[39m
&amp;#27;[35m[HTTP]&amp;#27;[39m &amp;#27;[90m{&quot;id&quot;:&quot;00000000-0000-0065-ffff-ffff000000a5&quot;,&quot;text&quot;:&quot;Berlin&quot;,&quot;value&quot;:[&quot;B&quot;,&quot;e&quot;,&quot;r&quot;,&quot;l&quot;,&quot;i&quot;,&quot;n&quot;]}&amp;#27;[39m
[debug] &amp;#27;[35m[W3C (3c9e0025)]&amp;#27;[39m Calling AppiumDriver.setValue() with args: [[&quot;B&quot;,&quot;e&quot;,&quot;r&quot;,&quot;l&quot;,&quot;i&quot;,&quot;n&quot;],&quot;00000000-0000-0065-ffff-ffff000000a5&quot;,&quot;3c9e0025-5042-4ebf-bab2-313f07cb1ef6&quot;]
[debug] &amp;#27;[35m[WD Proxy]&amp;#27;[39m Matched &apos;/element/00000000-0000-0065-ffff-ffff000000a5/value&apos; to command name &apos;setValue&apos;
[debug] &amp;#27;[35m[Protocol Converter]&amp;#27;[39m Added &apos;value&apos; property [&quot;B&quot;,&quot;e&quot;,&quot;r&quot;,&quot;l&quot;,&quot;i&quot;,&quot;n&quot;] to &apos;setValue&apos; request body
[debug] &amp;#27;[35m[WD Proxy]&amp;#27;[39m Proxying [POST /element/00000000-0000-0065-ffff-ffff000000a5/value] to [POST http://127.0.0.1:10000/wd/hub/session/d7155c41-faa7-4e73-9863-c97c27c70424/element/00000000-0000-0065-ffff-ffff000000a5/value] with body: {&quot;elementId&quot;:&quot;00000000-0000-0065-ffff-ffff000000a5&quot;,&quot;text&quot;:&quot;Berlin&quot;,&quot;replace&quot;:false,&quot;value&quot;:[&quot;B&quot;,&quot;e&quot;,&quot;r&quot;,&quot;l&quot;,&quot;i&quot;,&quot;n&quot;]}
[debug] &amp;#27;[35m[WD Proxy]&amp;#27;[39m Got response with status 200: {&quot;sessionId&quot;:&quot;d7155c41-faa7-4e73-9863-c97c27c70424&quot;,&quot;value&quot;:null}
[debug] &amp;#27;[35m[W3C (3c9e0025)]&amp;#27;[39m Responding to client with driver.setValue() result: null
&amp;#27;[35m[HTTP]&amp;#27;[39m &amp;#27;[37m&lt;-- POST /wd/hub/session/3c9e0025-5042-4ebf-bab2-313f07cb1ef6/el  And user types &quot;Berlin&quot; on search field # com.qa.stepDefs.SearchStepDef.user_type_on_search_field(java.lang.String)eme
nt/00000000-0000-0065-ffff-ffff000000a5/value &amp;#27;[39m&amp;#27;[32m200&amp;#27;[39m &amp;#27;[90m2633 ms - 14&amp;#27;[39m
&amp;#27;[35m[HTTP]&amp;#27;[39m &amp;#27;[90m&amp;#27;[39m
&amp;#27;[35m[HTTP]&amp;#27;[39m &amp;#27;[37m--&gt;&amp;#27;[39m &amp;#27;[37mGET&amp;#27;[39m &amp;#27;[37m/wd/hub/session/3c9e0025-5042-4ebf-bab2-313f07cb1ef6/context&amp;#27;[39m
&amp;#27;[35m[HTTP]&amp;#27;[39m &amp;#27;[90m{}&amp;#27;[39m
[debug] &amp;#27;[35m[W3C (3c9e0025)]&amp;#27;[39m Calling AppiumDriver.getCurrentContext() with args: [&quot;3c9e0025-5042-4ebf-bab2-313f07cb1ef6&quot;]
[debug] &amp;#27;[35m[W3C (3c9e0025)]&amp;#27;[39m Responding to client with driver.getCurrentContext() result: &quot;NATIVE_APP&quot;
&amp;#27;[35m[HTTP]&amp;#27;[39m &amp;#27;[37m&lt;-- GET /wd/hub/session/3c9e0025-5042-4ebf-bab2-313f07cb1ef6/context &amp;#27;[39m&amp;#27;[32m200&amp;#27;[39m &amp;#27;[90m6 ms - 22&amp;#27;[39m
&amp;#27;[35m[HTTP]&amp;#27;[39m &amp;#27;[90m&amp;#27;[39m
&amp;#27;[35m[HTTP]&amp;#27;[39m &amp;#27;[37m--&gt;&amp;#27;[39m &amp;#27;[37mPOST&amp;#27;[39m &amp;#27;[37m/wd/hub/session/3c9e0025-5042-4ebf-bab2-313f07cb1ef6/element&amp;#27;[39m
&amp;#27;[35m[HTTP]&amp;#27;[39m &amp;#27;[90m{&quot;using&quot;:&quot;id&quot;,&quot;value&quot;:&quot;org.wikipedia.alpha:id/search_lang_button&quot;}&amp;#27;[39m
[debug] &amp;#27;[35m[W3C (3c9e0025)]&amp;#27;[39m Calling AppiumDriver.findElement() with args: [&quot;id&quot;,&quot;org.wikipedia.alpha:id/search_lang_button&quot;,&quot;3c9e0025-5042-4ebf-bab2-313f07cb1ef6&quot;]
[debug] &amp;#27;[35m[BaseDriver]&amp;#27;[39m Valid locator strategies for this request: xpath, id, class name, accessibility id, css selector, -android uiautomator
[debug] &amp;#27;[35m[BaseDriver]&amp;#27;[39m Waiting up to 0 ms for condition
[debug] &amp;#27;[35m[WD Proxy]&amp;#27;[39m Matched &apos;/element&apos; to command name &apos;findElement&apos;
[debug] &amp;#27;[35m[WD Proxy]&amp;#27;[39m Proxying [POST /element] to [POST http://127.0.0.1:10000/wd/hub/session/d7155c41-faa7-4e73-9863-c97c27c70424/element] with body: {&quot;strategy&quot;:&quot;id&quot;,&quot;selector&quot;:&quot;org.wikipedia.alpha:id/search_lang_button&quot;,&quot;context&quot;:&quot;&quot;,&quot;multiple&quot;:false}
&amp;#27;[35m[WD Proxy]&amp;#27;[39m Got response with status 404: {&quot;sessionId&quot;:&quot;d7155c41-faa7-4e73-9863-c97c27c70424&quot;,&quot;value&quot;:{&quot;error&quot;:&quot;no such element&quot;,&quot;message&quot;:&quot;An element could not be located on the page using the given search parameters&quot;,&quot;stacktrace&quot;:&quot;io.appium.uiautomator2.common.exceptions.ElementNotFoundException: An element could not be located on the page using the given search parameters\n\tat io.appium.uiautomator2.handler.FindElement.safeHandle(FindElement.java:70)\n\tat io.appium.uiautomator2.handler.request.SafeRequestHandler.handle(SafeRequestHandler.java:59)\n\tat io.appium.uiautomator2.server.AppiumServlet.handleRequest(AppiumServlet.java:264)\n\tat io.appium.uiautomator2.server.AppiumServlet.handleHttpRequest(AppiumServlet.java:258)\n\tat io.appium.uiautomator2.http.ServerHandler.channelRead(ServerHandler.java:68)\n\tat io.netty.channel.AbstractChannelHandlerContext.invokeChannelRead(AbstractChannelHandlerContext.java:366)\n\tat io.netty.channel.AbstractChannelHandlerContext.invokeChannelRead(AbstractChannelHandlerContext.java:352)\n\tat io.netty.chann...
[debug] &amp;#27;[35m[W3C]&amp;#27;[39m Matched W3C error code &apos;no such element&apos; to NoSuchElementError
[debug] &amp;#27;[35m[W3C (3c9e0025)]&amp;#27;[39m Encountered internal error running command: NoSuchElementError: An element could not be located on the page using the given search parameters.
[debug] &amp;#27;[35m[W3C (3c9e0025)]&amp;#27;[39m     at AndroidUiautomator2Driver.findElOrEls (C:\Users\Naim\AppData\Roaming\npm\node_modules\appium\node_modules\appium-android-driver\lib\commands\find.js:75:11)
[debug] &amp;#27;[35m[W3C (3c9e0025)]&amp;#27;[39m     at processTicksAndRejections (internal/process/task_queues.js:95:5)
[debug] &amp;#27;[35m[W3C (3c9e0025)]&amp;#27;[39m     at AndroidUiautomator2Driver.findElOrElsWithProcessing (C:\Users\Naim\AppData\Roaming\npm\node_modules\appium\node_modules\appium-base-driver\lib\basedriver\commands\find.js:33:12)
[debug] &amp;#27;[35m[W3C (3c9e0025)]&amp;#27;[39m     at AndroidUiautomator2Driver.findElement (C:\Users\Naim\AppData\Roaming\npm\node_modules\appium\node_modules\appium-base-driver\lib\basedriver\commands\find.js:53:10)
&amp;#27;[35m[HTTP]&amp;#27;[39m &amp;#27;[37m&lt;-- POST /wd/hub/session/3c9e0025-5042-4ebf-bab2-313f07cb1ef6/element &amp;#27;[39m&amp;#27;[33m404&amp;#27;[39m &amp;#27;[90m2096 ms - 875&amp;#27;[39m
  And user taps on language button        # com.qa.stepDefs.SearchStepDef.user_taps_on_language_button()
&amp;#27;[35m[HTTP]&amp;#27;[39m &amp;#27;[90m&amp;#27;[39m
      org.openqa.selenium.NoSuchElementException: Can&apos;t locate an element by this strategy: By.chained({By.id: org.wikipedia.alpha:id/search_lang_button})
	at io.appium.java_client.pagefactory.AppiumElementLocator.findElement(AppiumElementLocator.java:126)
	at io.appium.java_client.pagefactory.interceptors.InterceptorOfASingleElement.intercept(InterceptorOfASingleElement.java:59)
	at io.appium.java_client.android.AndroidElement$$EnhancerByCGLIB$$b598166c.click(&lt;generated&gt;)
	at com.qa.stepDefs.SearchStepDef.user_taps_on_language_button(SearchStepDef.java:41)
	at ?.user taps on language button(file:///C:/Users/Naim/Desktop/IT/Projeler%20IntelliJ/wikiCucumber2/src/test/resources/features/searchORG.feature:26)
Caused by: org.openqa.selenium.TimeoutException: Expected condition failed: waiting for io.appium.java_client.pagefactory.AppiumElementLocator$WaitingFunction@78e17a99 (tried for 1 second(s) with 500 milliseconds interval)
	at org.openqa.selenium.support.ui.FluentWait.timeoutException(FluentWait.java:304)
	at org.openqa.selenium.support.ui.FluentWait.until(FluentWait.java:272)
	at io.appium.java_client.pagefactory.AppiumElementLocator.waitFor(AppiumElementLocator.java:99)
	at io.appium.java_client.pagefactory.AppiumElementLocator.findElement(AppiumElementLocator.java:119)
	at io.appium.java_client.pagefactory.interceptors.InterceptorOfASingleElement.intercept(InterceptorOfASingleElement.java:59)
	at io.appium.java_client.android.AndroidElement$$EnhancerByCGLIB$$b598166c.click(&lt;generated&gt;)
	at com.qa.stepDefs.SearchStepDef.user_taps_on_language_button(SearchStepDef.java:41)
	at java.base/jdk.internal.reflect.NativeMethodAccessorImpl.invoke0(Native Method)
	at java.base/jdk.internal.reflect.NativeMethodAccessorImpl.invoke(NativeMethodAccessorImpl.java:62)
	at java.base/jdk.internal.reflect.DelegatingMethodAccessorImpl.invoke(DelegatingMethodAccessorImpl.java:43)
	at java.base/java.lang.reflect.Method.invoke(Method.java:564)
	at io.cucumber.java.Invoker.invoke(Invoker.java:27)
	at io.cucumber.java.JavaStepDefinition.execute(JavaStepDefinition.java:27)
	at io.cucumber.core.runner.PickleStepDefinitionMatch.runStep(PickleStepDefinitionMatch.java:63)
	at io.cucumber.core.runner.TestStep.executeStep(TestStep.java:64)
	at io.cucumber.core.runner.TestStep.run(TestStep.java:49)
	at io.cucumber.core.runner.PickleStepTestStep.run(PickleStepTestStep.java:46)
	at io.cucumber.core.runner.TestCase.run(TestCase.java:51)
	at io.cucumber.core.runner.Runner.runPickle(Runner.java:67)
	at io.cucumber.junit.PickleRunners$NoStepDescriptions.run(PickleRunners.java:149)
	at io.cucumber.junit.FeatureRunner.runChild(FeatureRunner.java:83)
	at io.cucumber.junit.FeatureRunner.runChild(FeatureRunner.java:24)
	at org.junit.runners.ParentRunner$4.run(ParentRunner.java:331)
	at org.junit.runners.ParentRunner$1.schedule(ParentRunner.java:79)
	at org.junit.runners.ParentRunner.runChildren(ParentRunner.java:329)
	at org.junit.runners.ParentRunner.access$100(ParentRunner.java:66)
	at org.junit.runners.ParentRunner$2.evaluate(ParentRunner.java:293)
	at org.junit.runners.ParentRunner$3.evaluate(ParentRunner.java:306)
	at org.junit.runners.ParentRunner.run(ParentRunner.java:413)
	at io.cucumber.junit.Cucumber.runChild(Cucumber.java:185)
	at io.cucumber.junit.Cucumber.runChild(Cucumber.java:83)
	at org.junit.runners.ParentRunner$4.run(ParentRunner.java:331)
	at org.junit.runners.ParentRunner$1.schedule(ParentRunner.java:79)
	at org.junit.runners.ParentRunner.runChildren(ParentRunner.java:329)
	at org.junit.runners.ParentRunner.access$100(ParentRunner.java:66)
	at org.junit.runners.ParentRunner$2.evaluate(ParentRunner.java:293)
	at io.cucumber.junit.Cucumber$RunCucumber.evaluate(Cucumber.java:219)
	at org.junit.runners.ParentRunner$3.evaluate(ParentRunner.java:306)
	at org.junit.runners.ParentRunner.run(ParentRunner.java:413)
	at org.apache.maven.surefire.junit4.JUnit4Provider.execute(JUnit4Provider.java:252)
	at org.apache.maven.surefire.junit4.JUnit4Provider.executeTestSet(JUnit4Provider.java:141)
	at org.apache.maven.surefire.junit4.JUnit4Provider.invoke(JUnit4Provider.java:112)
	at java.base/jdk.internal.reflect.NativeMethodAccessorImpl.invoke0(Native Method)
	at java.base/jdk.internal.reflect.NativeMethodAccessorImpl.invoke(NativeMethodAccessorImpl.java:62)
	at java.base/jdk.internal.reflect.DelegatingMethodAccessorImpl.invoke(DelegatingMethodAccessorImpl.java:43)
	at java.base/java.lang.reflect.Method.invoke(Method.java:564)
	at org.apache.maven.surefire.util.ReflectionUtils.invokeMethodWithArray(ReflectionUtils.java:189)
	at org.apache.maven.surefire.booter.ProviderFactory$ProviderProxy.invoke(ProviderFactory.java:165)
	at org.apache.maven.surefire.booter.ProviderFactory.invokeProvider(ProviderFactory.java:85)
	at org.apache.maven.surefire.booter.ForkedBooter.runSuitesInProcess(ForkedBooter.java:115)
	at org.apache.maven.surefire.booter.ForkedBooter.main(ForkedBooter.java:75)
Caused by: org.openqa.selenium.NoSuchElementException: Cannot locate an element using By.chained({By.id: org.wikipedia.alpha:id/search_lang_button})
For documentation on this error, please visit: https://www.seleniumhq.org/exceptions/no_such_element.html
Build info: version: &apos;3.141.59&apos;, revision: &apos;e82be7d358&apos;, time: &apos;2018-11-14T08:17:03&apos;
System info: host: &apos;DESKTOP-Q4B5RA0&apos;, ip: &apos;192.168.0.115&apos;, os.name: &apos;Windows 10&apos;, os.arch: &apos;amd64&apos;, os.version: &apos;10.0&apos;, java.version: &apos;14.0.2&apos;
Driver info: driver.version: AndroidDriver
	at io.appium.java_client.pagefactory.bys.builder.ByChained.findElement(ByChained.java:74)
	at org.openqa.selenium.remote.RemoteWebDriver.findElement(RemoteWebDriver.java:315)
	at io.appium.java_client.DefaultGenericMobileDriver.findElement(DefaultGenericMobileDriver.java:57)
	at io.appium.java_client.AppiumDriver.findElement(AppiumDriver.java:1)
	at io.appium.java_client.android.AndroidDriver.findElement(AndroidDriver.java:1)
	at io.appium.java_client.pagefactory.bys.ContentMappedBy.findElement(ContentMappedBy.java:50)
	at org.openqa.selenium.remote.RemoteWebDriver.findElement(RemoteWebDriver.java:315)
	at io.appium.java_client.DefaultGenericMobileDriver.findElement(DefaultGenericMobileDriver.java:57)
	at io.appium.java_client.AppiumDriver.findElement(AppiumDriver.java:1)
	at io.appium.java_client.android.AndroidDriver.findElement(AndroidDriver.java:1)
	at io.appium.java_client.pagefactory.AppiumElementLocator.lambda$0(AppiumElementLocator.java:120)
	at io.appium.java_client.pagefactory.AppiumElementLocator$WaitingFunction.apply(AppiumElementLocator.java:172)
	at io.appium.java_client.pagefactory.AppiumElementLocator$WaitingFunction.apply(AppiumElementLocator.java:1)
	at org.openqa.selenium.support.ui.FluentWait.until(FluentWait.java:249)
	... 49 more

  And user selects &quot;Deutsch&quot; language     # com.qa.stepDefs.SearchStepDef.user_selects_language(java.lang.String)
  And user taps on first result           # com.qa.stepDefs.SearchStepDef.user_taps_on_first_result()
  Then user is able to see &quot;DE&quot; content   # com.qa.stepDefs.SearchStepDef.user_is_able_to_see_content(java.lang.String)
&amp;#27;[35m[HTTP]&amp;#27;[39m &amp;#27;[37m--&gt;&amp;#27;[39m &amp;#27;[37mDELETE&amp;#27;[39m &amp;#27;[37m/wd/hub/session/3c9e0025-5042-4ebf-bab2-313f07cb1ef6&amp;#27;[39m
&amp;#27;[35m[HTTP]&amp;#27;[39m &amp;#27;[90m{}&amp;#27;[39m
[debug] &amp;#27;[35m[W3C (3c9e0025)]&amp;#27;[39m Calling AppiumDriver.deleteSession() with args: [&quot;3c9e0025-5042-4ebf-bab2-313f07cb1ef6&quot;]
[debug] &amp;#27;[35m[BaseDriver]&amp;#27;[39m Event &apos;quitSessionRequested&apos; logged at 1634029685862 (11:08:05 GMT+0200 (Central European Summer Time))
&amp;#27;[35m[Appium]&amp;#27;[39m Removing session 3c9e0025-5042-4ebf-bab2-313f07cb1ef6 from our master session list
[debug] &amp;#27;[35m[UiAutomator2]&amp;#27;[39m Deleting UiAutomator2 session
[debug] &amp;#27;[35m[UiAutomator2]&amp;#27;[39m Deleting UiAutomator2 server session
[debug] &amp;#27;[35m[WD Proxy]&amp;#27;[39m Matched &apos;/&apos; to command name &apos;deleteSession&apos;
[debug] &amp;#27;[35m[WD Proxy]&amp;#27;[39m Proxying [DELETE /] to [DELETE http://127.0.0.1:10000/wd/hub/session/d7155c41-faa7-4e73-9863-c97c27c70424] with no body
[debug] &amp;#27;[35m[WD Proxy]&amp;#27;[39m Got response with status 200: {&quot;sessionId&quot;:&quot;d7155c41-faa7-4e73-9863-c97c27c70424&quot;,&quot;value&quot;:null}
[debug] &amp;#27;[35m[ADB]&amp;#27;[39m Running &apos;C:\Users\Naim\AppData\Local\Android\Sdk\platform-tools\adb.exe -P 5037 -s emulator-5554 shell am force-stop org.wikipedia&apos;
[debug] &amp;#27;[35m[Logcat]&amp;#27;[39m Stopping logcat capture
[debug] &amp;#27;[35m[ADB]&amp;#27;[39m Removing forwarded port socket connection: 10000 
[debug] &amp;#27;[35m[ADB]&amp;#27;[39m Running &apos;C:\Users\Naim\AppData\Local\Android\Sdk\platform-tools\adb.exe -P 5037 -s emulator-5554 forward --remove tcp:10000&apos;
&amp;#27;[35m[UiAutomator2]&amp;#27;[39m Restoring hidden api policy to the device default configuration
[debug] &amp;#27;[35m[ADB]&amp;#27;[39m Running &apos;C:\Users\Naim\AppData\Local\Android\Sdk\platform-tools\adb.exe -P 5037 -s emulator-5554 shell &apos;settings delete global hidden_api_policy_pre_p_apps;settings delete global hidden_api_policy_p_apps;settings delete global hidden_api_policy&apos;&apos;
[debug] &amp;#27;[35m[Instrumentation]&amp;#27;[39m .
[debug] &amp;#27;[35m[Instrumentation]&amp;#27;[39m Time: 16.638
[debug] &amp;#27;[35m[Instrumentation]&amp;#27;[39m 
[debug] &amp;#27;[35m[Instrumentation]&amp;#27;[39m OK (1 test)
[debug] &amp;#27;[35m[BaseDriver]&amp;#27;[39m Event &apos;quitSessionFinished&apos; logged at 1634029687427 (11:08:07 GMT+0200 (Central European Summer Time))
[debug] &amp;#27;[35m[W3C (3c9e0025)]&amp;#27;[39m Received response: null
[debug] &amp;#27;[35m[W3C (3c9e0025)]&amp;#27;[39m But deleting session, so not returning
[debug] &amp;#27;[35m[W3C (3c9e0025)]&amp;#27;[39m Responding to client with driver.deleteSession() result: null
&amp;#27;[35m[HTTP]&amp;#27;[39m &amp;#27;[37m&lt;-- DELETE /wd/hub/session/3c9e0025-5042-4ebf-bab2-313f07cb1ef6 &amp;#27;[39m&amp;#27;[32m200&amp;#27;[39m &amp;#27;[90m1570 ms - 14&amp;#27;[39m
&amp;#27;[35m[HTTP]&amp;#27;[39m &amp;#27;[90m&amp;#27;[39m
</system-out>
    <system-err>Oct 12, 2021 11:07:56 AM io.appium.java_client.remote.AppiumCommandExecutor$1 lambda$0
INFO: Detected dialect: W3C
</system-err>
  </testcase>
</testsuite>